#
# There is insufficient memory for the Java Runtime Environment to continue.
# Native memory allocation (mmap) failed to map 27262976 bytes. Error detail: G1 virtual space
# Possible reasons:
#   The system is out of physical RAM or swap space
#   This process is running with CompressedOops enabled, and the Java Heap may be blocking the growth of the native heap
# Possible solutions:
#   Reduce memory load on the system
#   Increase physical memory or swap space
#   Check if swap backing store is full
#   Decrease Java heap size (-Xmx/-Xms)
#     to set the Java Heap base and to place the Java Heap above 4GB virtual address.
# This output file may be truncated or incomplete.
#
#  Out of Memory Error (os_windows.cpp:3828), pid=32364, tid=13604
#
# JRE version: OpenJDK Runtime Environment (21.0.4) (build 21.0.4+-12508038-b607.1)
# Java VM: OpenJDK 64-Bit Server VM (21.0.4+-12508038-b607.1, mixed mode, tiered, compressed oops, compressed class ptrs, g1 gc, windows-amd64)
# No core dump will be written. Minidumps are not enabled by default on client versions of Windows
#

---------------  S U M M A R Y ------------

Command Line: --add-opens=java.base/java.util=ALL-UNNAMED --add-opens=java.base/java.lang=ALL-UNNAMED --add-opens=java.base/java.lang.invoke=ALL-UNNAMED --add-opens=java.prefs/java.util.prefs=ALL-UNNAMED --add-exports=jdk.compiler/com.sun.tools.javac.api=ALL-UNNAMED --add-exports=jdk.compiler/com.sun.tools.javac.util=ALL-UNNAMED --add-opens=java.base/java.nio.charset=ALL-UNNAMED --add-opens=java.base/java.net=ALL-UNNAMED --add-opens=java.base/java.util.concurrent.atomic=ALL-UNNAMED -Xmx2048m -Dfile.encoding=UTF-8 -Duser.country=US -Duser.language=en -Duser.variant -javaagent:C:\Users\Dinuka\.gradle\wrapper\dists\gradle-8.10.2-bin\a04bxjujx95o3nb99gddekhwo\gradle-8.10.2\lib\agents\gradle-instrumentation-agent-8.10.2.jar org.gradle.launcher.daemon.bootstrap.GradleDaemon 8.10.2

Host: AMD Ryzen 5 7535HS with Radeon Graphics        , 12 cores, 7G,  Windows 11 , 64 bit Build 26100 (10.0.26100.3775)
Time: Fri Apr 25 00:17:41 2025 Sri Lanka Standard Time elapsed time: 14.449358 seconds (0d 0h 0m 14s)

---------------  T H R E A D  ---------------

Current thread (0x0000016b97010a30):  VMThread "VM Thread"          [id=13604, stack(0x0000000a41000000,0x0000000a41100000) (1024K)]

Stack: [0x0000000a41000000,0x0000000a41100000]
Native frames: (J=compiled Java code, j=interpreted, Vv=VM code, C=native code)
V  [jvm.dll+0x6ce539]
V  [jvm.dll+0x85bf03]
V  [jvm.dll+0x85e45e]
V  [jvm.dll+0x85eb43]
V  [jvm.dll+0x27dd06]
V  [jvm.dll+0x6cada5]
V  [jvm.dll+0x6bf27a]
V  [jvm.dll+0x3541fb]
V  [jvm.dll+0x35be36]
V  [jvm.dll+0x3adbc6]
V  [jvm.dll+0x3ade98]
V  [jvm.dll+0x32691c]
V  [jvm.dll+0x3269a7]
V  [jvm.dll+0x36c78c]
V  [jvm.dll+0x36af3e]
V  [jvm.dll+0x326071]
V  [jvm.dll+0x36a650]
V  [jvm.dll+0x8648c8]
V  [jvm.dll+0x865c44]
V  [jvm.dll+0x866180]
V  [jvm.dll+0x866413]
V  [jvm.dll+0x804418]
V  [jvm.dll+0x6cce0d]
C  [ucrtbase.dll+0x37b0]
C  [KERNEL32.DLL+0x2e8d7]
C  [ntdll.dll+0xb14fc]

VM_Operation (0x0000000a426f6bf0): G1CollectForAllocation, mode: safepoint, requested by thread 0x0000016b9d40a4b0


---------------  P R O C E S S  ---------------

Threads class SMR info:
_java_thread_list=0x0000016b9c70e870, length=65, elements={
0x0000016bfec898e0, 0x0000016b971e46c0, 0x0000016b971e4e30, 0x0000016b971d1000,
0x0000016b971d1670, 0x0000016b971f9ed0, 0x0000016b971d3e60, 0x0000016b9720ffe0,
0x0000016b97210690, 0x0000016b9734e380, 0x0000016b974b98e0, 0x0000016b9d3996a0,
0x0000016b9d0472b0, 0x0000016b9d21aa00, 0x0000016b9d409100, 0x0000016b9d409790,
0x0000016b9d409e20, 0x0000016b9d40a4b0, 0x0000016b9d46b8e0, 0x0000016b9d46b250,
0x0000016b9d46f3f0, 0x0000016b9d46bf70, 0x0000016b9d46fa80, 0x0000016b9d46c600,
0x0000016b9d46e6d0, 0x0000016b9d46d320, 0x0000016b9d46e040, 0x0000016b9d46ed60,
0x0000016b9d470110, 0x0000016b9d46cc90, 0x0000016b9d4721e0, 0x0000016b9d470e30,
0x0000016b9d472870, 0x0000016b9d4707a0, 0x0000016b9d4714c0, 0x0000016b9d471b50,
0x0000016b9e71bf50, 0x0000016b9e71c5e0, 0x0000016b9e71d300, 0x0000016b9e71e020,
0x0000016b9e71aba0, 0x0000016b9e71d990, 0x0000016b9e71cc70, 0x0000016b9e71e6b0,
0x0000016b9e7221c0, 0x0000016b9e71f3d0, 0x0000016b9e7214a0, 0x0000016b9e71fa60,
0x0000016b9e71b230, 0x0000016b9e720e10, 0x0000016b9f7c20b0, 0x0000016b9f7c2740,
0x0000016b9f7c1a20, 0x0000016b9f7c2dd0, 0x0000016b9f7c3460, 0x0000016b9f7c3af0,
0x0000016b9f7c0670, 0x0000016b9f7c4180, 0x0000016b9f7c0d00, 0x0000016b9f7c4810,
0x0000016b9f7c1390, 0x0000016b9f7c68e0, 0x0000016b9f7c4ea0, 0x0000016b9f7c5530,
0x0000016b9f7c5bc0
}

Java Threads: ( => current thread )
  0x0000016bfec898e0 JavaThread "main"                              [_thread_blocked, id=32092, stack(0x0000000a40900000,0x0000000a40a00000) (1024K)]
  0x0000016b971e46c0 JavaThread "Reference Handler"          daemon [_thread_blocked, id=28752, stack(0x0000000a41100000,0x0000000a41200000) (1024K)]
  0x0000016b971e4e30 JavaThread "Finalizer"                  daemon [_thread_blocked, id=19256, stack(0x0000000a41200000,0x0000000a41300000) (1024K)]
  0x0000016b971d1000 JavaThread "Signal Dispatcher"          daemon [_thread_blocked, id=25752, stack(0x0000000a41300000,0x0000000a41400000) (1024K)]
  0x0000016b971d1670 JavaThread "Attach Listener"            daemon [_thread_blocked, id=6700, stack(0x0000000a41400000,0x0000000a41500000) (1024K)]
  0x0000016b971f9ed0 JavaThread "Service Thread"             daemon [_thread_blocked, id=29452, stack(0x0000000a41500000,0x0000000a41600000) (1024K)]
  0x0000016b971d3e60 JavaThread "Monitor Deflation Thread"   daemon [_thread_blocked, id=17392, stack(0x0000000a41600000,0x0000000a41700000) (1024K)]
  0x0000016b9720ffe0 JavaThread "C2 CompilerThread0"         daemon [_thread_blocked, id=15956, stack(0x0000000a41700000,0x0000000a41800000) (1024K)]
  0x0000016b97210690 JavaThread "C1 CompilerThread0"         daemon [_thread_blocked, id=23580, stack(0x0000000a41800000,0x0000000a41900000) (1024K)]
  0x0000016b9734e380 JavaThread "Common-Cleaner"             daemon [_thread_blocked, id=29100, stack(0x0000000a41900000,0x0000000a41a00000) (1024K)]
  0x0000016b974b98e0 JavaThread "Notification Thread"        daemon [_thread_blocked, id=27692, stack(0x0000000a41a00000,0x0000000a41b00000) (1024K)]
  0x0000016b9d3996a0 JavaThread "Daemon health stats"               [_thread_blocked, id=14516, stack(0x0000000a42000000,0x0000000a42100000) (1024K)]
  0x0000016b9d0472b0 JavaThread "Incoming local TCP Connector on port 51731"        [_thread_in_native, id=24896, stack(0x0000000a42100000,0x0000000a42200000) (1024K)]
  0x0000016b9d21aa00 JavaThread "Daemon periodic checks"            [_thread_blocked, id=23188, stack(0x0000000a42200000,0x0000000a42300000) (1024K)]
  0x0000016b9d409100 JavaThread "Daemon"                            [_thread_blocked, id=27200, stack(0x0000000a42300000,0x0000000a42400000) (1024K)]
  0x0000016b9d409790 JavaThread "Handler for socket connection from /127.0.0.1:51731 to /127.0.0.1:51732"        [_thread_in_native, id=32628, stack(0x0000000a42400000,0x0000000a42500000) (1024K)]
  0x0000016b9d409e20 JavaThread "Cancel handler"                    [_thread_blocked, id=13900, stack(0x0000000a42500000,0x0000000a42600000) (1024K)]
  0x0000016b9d40a4b0 JavaThread "Daemon worker"                     [_thread_blocked, id=25640, stack(0x0000000a42600000,0x0000000a42700000) (1024K)]
  0x0000016b9d46b8e0 JavaThread "Asynchronous log dispatcher for DefaultDaemonConnection: socket connection from /127.0.0.1:51731 to /127.0.0.1:51732"        [_thread_blocked, id=32352, stack(0x0000000a42700000,0x0000000a42800000) (1024K)]
  0x0000016b9d46b250 JavaThread "Stdin handler"                     [_thread_blocked, id=3688, stack(0x0000000a42800000,0x0000000a42900000) (1024K)]
  0x0000016b9d46f3f0 JavaThread "Daemon client event forwarder"        [_thread_blocked, id=31248, stack(0x0000000a42900000,0x0000000a42a00000) (1024K)]
  0x0000016b9d46bf70 JavaThread "Cache worker for journal cache (C:\Users\Dinuka\.gradle\caches\journal-1)"        [_thread_blocked, id=27884, stack(0x0000000a43000000,0x0000000a43100000) (1024K)]
  0x0000016b9d46fa80 JavaThread "File lock request listener"        [_thread_in_native, id=24080, stack(0x0000000a43100000,0x0000000a43200000) (1024K)]
  0x0000016b9d46c600 JavaThread "Cache worker for file hash cache (C:\Users\Dinuka\.gradle\caches\8.10.2\fileHashes)"        [_thread_blocked, id=29548, stack(0x0000000a43200000,0x0000000a43300000) (1024K)]
  0x0000016b9d46e6d0 JavaThread "Cache worker for file hash cache (C:\Users\Dinuka\AndroidStudioProjects\TracsactionTracker\.gradle\8.10.2\fileHashes)"        [_thread_blocked, id=13092, stack(0x0000000a43500000,0x0000000a43600000) (1024K)]
  0x0000016b9d46d320 JavaThread "Cache worker for Build Output Cleanup Cache (C:\Users\Dinuka\AndroidStudioProjects\TracsactionTracker\.gradle\buildOutputCleanup)"        [_thread_blocked, id=3424, stack(0x0000000a43600000,0x0000000a43700000) (1024K)]
  0x0000016b9d46e040 JavaThread "File watcher server"        daemon [_thread_blocked, id=9380, stack(0x0000000a43700000,0x0000000a43800000) (1024K)]
  0x0000016b9d46ed60 JavaThread "File watcher consumer"      daemon [_thread_blocked, id=29928, stack(0x0000000a43800000,0x0000000a43900000) (1024K)]
  0x0000016b9d470110 JavaThread "jar transforms"                    [_thread_blocked, id=10100, stack(0x0000000a43900000,0x0000000a43a00000) (1024K)]
  0x0000016b9d46cc90 JavaThread "jar transforms Thread 2"           [_thread_blocked, id=22328, stack(0x0000000a43a00000,0x0000000a43b00000) (1024K)]
  0x0000016b9d4721e0 JavaThread "jar transforms Thread 3"           [_thread_blocked, id=9040, stack(0x0000000a43b00000,0x0000000a43c00000) (1024K)]
  0x0000016b9d470e30 JavaThread "jar transforms Thread 4"           [_thread_blocked, id=4300, stack(0x0000000a43c00000,0x0000000a43d00000) (1024K)]
  0x0000016b9d472870 JavaThread "jar transforms Thread 5"           [_thread_blocked, id=31292, stack(0x0000000a43d00000,0x0000000a43e00000) (1024K)]
  0x0000016b9d4707a0 JavaThread "jar transforms Thread 6"           [_thread_blocked, id=29896, stack(0x0000000a43e00000,0x0000000a43f00000) (1024K)]
  0x0000016b9d4714c0 JavaThread "jar transforms Thread 7"           [_thread_blocked, id=31984, stack(0x0000000a43f00000,0x0000000a44000000) (1024K)]
  0x0000016b9d471b50 JavaThread "jar transforms Thread 8"           [_thread_blocked, id=32272, stack(0x0000000a44000000,0x0000000a44100000) (1024K)]
  0x0000016b9e71bf50 JavaThread "jar transforms Thread 9"           [_thread_blocked, id=28176, stack(0x0000000a44100000,0x0000000a44200000) (1024K)]
  0x0000016b9e71c5e0 JavaThread "jar transforms Thread 10"          [_thread_blocked, id=7372, stack(0x0000000a44200000,0x0000000a44300000) (1024K)]
  0x0000016b9e71d300 JavaThread "jar transforms Thread 11"          [_thread_blocked, id=28104, stack(0x0000000a44300000,0x0000000a44400000) (1024K)]
  0x0000016b9e71e020 JavaThread "jar transforms Thread 12"          [_thread_blocked, id=29500, stack(0x0000000a44400000,0x0000000a44500000) (1024K)]
  0x0000016b9e71aba0 JavaThread "Cache worker for checksums cache (C:\Users\Dinuka\AndroidStudioProjects\TracsactionTracker\.gradle\8.10.2\checksums)"        [_thread_blocked, id=25632, stack(0x0000000a44500000,0x0000000a44600000) (1024K)]
  0x0000016b9e71d990 JavaThread "Cache worker for file content cache (C:\Users\Dinuka\.gradle\caches\8.10.2\fileContent)"        [_thread_blocked, id=31048, stack(0x0000000a44600000,0x0000000a44700000) (1024K)]
  0x0000016b9e71cc70 JavaThread "Cache worker for cache directory md-rule (C:\Users\Dinuka\.gradle\caches\8.10.2\md-rule)"        [_thread_blocked, id=16484, stack(0x0000000a44700000,0x0000000a44800000) (1024K)]
  0x0000016b9e71e6b0 JavaThread "Cache worker for cache directory md-supplier (C:\Users\Dinuka\.gradle\caches\8.10.2\md-supplier)"        [_thread_blocked, id=10804, stack(0x0000000a44800000,0x0000000a44900000) (1024K)]
  0x0000016b9e7221c0 JavaThread "Unconstrained build operations"        [_thread_blocked, id=30276, stack(0x0000000a43400000,0x0000000a43500000) (1024K)]
  0x0000016b9e71f3d0 JavaThread "Unconstrained build operations Thread 2"        [_thread_blocked, id=28868, stack(0x0000000a44900000,0x0000000a44a00000) (1024K)]
  0x0000016b9e7214a0 JavaThread "Unconstrained build operations Thread 3"        [_thread_blocked, id=17580, stack(0x0000000a44a00000,0x0000000a44b00000) (1024K)]
  0x0000016b9e71fa60 JavaThread "Unconstrained build operations Thread 4"        [_thread_blocked, id=32580, stack(0x0000000a44b00000,0x0000000a44c00000) (1024K)]
  0x0000016b9e71b230 JavaThread "Unconstrained build operations Thread 5"        [_thread_blocked, id=1104, stack(0x0000000a44c00000,0x0000000a44d00000) (1024K)]
  0x0000016b9e720e10 JavaThread "Unconstrained build operations Thread 6"        [_thread_blocked, id=26048, stack(0x0000000a44d00000,0x0000000a44e00000) (1024K)]
  0x0000016b9f7c20b0 JavaThread "Unconstrained build operations Thread 7"        [_thread_blocked, id=32036, stack(0x0000000a44e00000,0x0000000a44f00000) (1024K)]
  0x0000016b9f7c2740 JavaThread "Unconstrained build operations Thread 8"        [_thread_blocked, id=10460, stack(0x0000000a44f00000,0x0000000a45000000) (1024K)]
  0x0000016b9f7c1a20 JavaThread "Unconstrained build operations Thread 9"        [_thread_blocked, id=20008, stack(0x0000000a45000000,0x0000000a45100000) (1024K)]
  0x0000016b9f7c2dd0 JavaThread "Unconstrained build operations Thread 10"        [_thread_blocked, id=27192, stack(0x0000000a45100000,0x0000000a45200000) (1024K)]
  0x0000016b9f7c3460 JavaThread "Unconstrained build operations Thread 11"        [_thread_blocked, id=31348, stack(0x0000000a45200000,0x0000000a45300000) (1024K)]
  0x0000016b9f7c3af0 JavaThread "Unconstrained build operations Thread 12"        [_thread_blocked, id=31448, stack(0x0000000a45300000,0x0000000a45400000) (1024K)]
  0x0000016b9f7c0670 JavaThread "Unconstrained build operations Thread 13"        [_thread_blocked, id=6912, stack(0x0000000a45400000,0x0000000a45500000) (1024K)]
  0x0000016b9f7c4180 JavaThread "Unconstrained build operations Thread 14"        [_thread_blocked, id=6136, stack(0x0000000a45500000,0x0000000a45600000) (1024K)]
  0x0000016b9f7c0d00 JavaThread "Unconstrained build operations Thread 15"        [_thread_blocked, id=5604, stack(0x0000000a45600000,0x0000000a45700000) (1024K)]
  0x0000016b9f7c4810 JavaThread "Unconstrained build operations Thread 16"        [_thread_blocked, id=29496, stack(0x0000000a45700000,0x0000000a45800000) (1024K)]
  0x0000016b9f7c1390 JavaThread "Unconstrained build operations Thread 17"        [_thread_blocked, id=19632, stack(0x0000000a45800000,0x0000000a45900000) (1024K)]
  0x0000016b9f7c68e0 JavaThread "Unconstrained build operations Thread 18"        [_thread_blocked, id=16372, stack(0x0000000a45900000,0x0000000a45a00000) (1024K)]
  0x0000016b9f7c4ea0 JavaThread "Unconstrained build operations Thread 19"        [_thread_blocked, id=17636, stack(0x0000000a45a00000,0x0000000a45b00000) (1024K)]
  0x0000016b9f7c5530 JavaThread "Unconstrained build operations Thread 20"        [_thread_blocked, id=32448, stack(0x0000000a45b00000,0x0000000a45c00000) (1024K)]
  0x0000016b9f7c5bc0 JavaThread "Unconstrained build operations Thread 21"        [_thread_blocked, id=15368, stack(0x0000000a45c00000,0x0000000a45d00000) (1024K)]
Total: 65

Other Threads:
=>0x0000016b97010a30 VMThread "VM Thread"                           [id=13604, stack(0x0000000a41000000,0x0000000a41100000) (1024K)]
  0x0000016b96fb29f0 WatcherThread "VM Periodic Task Thread"        [id=13644, stack(0x0000000a40f00000,0x0000000a41000000) (1024K)]
  0x0000016bfece49e0 WorkerThread "GC Thread#0"                     [id=31760, stack(0x0000000a40a00000,0x0000000a40b00000) (1024K)]
  0x0000016b97a5a190 WorkerThread "GC Thread#1"                     [id=9916, stack(0x0000000a41b00000,0x0000000a41c00000) (1024K)]
  0x0000016b97d84230 WorkerThread "GC Thread#2"                     [id=8764, stack(0x0000000a41c00000,0x0000000a41d00000) (1024K)]
  0x0000016b9c28bbc0 WorkerThread "GC Thread#3"                     [id=30552, stack(0x0000000a41e00000,0x0000000a41f00000) (1024K)]
  0x0000016b9c285ad0 WorkerThread "GC Thread#4"                     [id=17840, stack(0x0000000a41f00000,0x0000000a42000000) (1024K)]
  0x0000016b9d0531f0 WorkerThread "GC Thread#5"                     [id=17852, stack(0x0000000a41d00000,0x0000000a41e00000) (1024K)]
  0x0000016b9d4678b0 WorkerThread "GC Thread#6"                     [id=25352, stack(0x0000000a42a00000,0x0000000a42b00000) (1024K)]
  0x0000016b9d467c50 WorkerThread "GC Thread#7"                     [id=1724, stack(0x0000000a42b00000,0x0000000a42c00000) (1024K)]
  0x0000016b9d467ff0 WorkerThread "GC Thread#8"                     [id=29420, stack(0x0000000a42c00000,0x0000000a42d00000) (1024K)]
  0x0000016b9d468390 WorkerThread "GC Thread#9"                     [id=3192, stack(0x0000000a42d00000,0x0000000a42e00000) (1024K)]
  0x0000016bfecf58d0 ConcurrentGCThread "G1 Main Marker"            [id=5364, stack(0x0000000a40b00000,0x0000000a40c00000) (1024K)]
  0x0000016bfecf7fd0 WorkerThread "G1 Conc#0"                       [id=27808, stack(0x0000000a40c00000,0x0000000a40d00000) (1024K)]
  0x0000016b9d467170 WorkerThread "G1 Conc#1"                       [id=28604, stack(0x0000000a42e00000,0x0000000a42f00000) (1024K)]
  0x0000016b9d467510 WorkerThread "G1 Conc#2"                       [id=7728, stack(0x0000000a42f00000,0x0000000a43000000) (1024K)]
  0x0000016b96e891d0 ConcurrentGCThread "G1 Refine#0"               [id=10056, stack(0x0000000a40d00000,0x0000000a40e00000) (1024K)]
  0x0000016b96e89600 ConcurrentGCThread "G1 Service"                [id=3096, stack(0x0000000a40e00000,0x0000000a40f00000) (1024K)]
Total: 18

Threads with active compile tasks:
Total: 0

VM state: at safepoint (normal execution)

VM Mutex/Monitor currently owned by a thread:  ([mutex/lock_event])
[0x00007ffaae2a72f8] Threads_lock - owner thread: 0x0000016b97010a30
[0x00007ffaae2a73f8] Heap_lock - owner thread: 0x0000016b9d40a4b0

Heap address: 0x0000000080000000, size: 2048 MB, Compressed Oops mode: 32-bit

CDS archive(s) not mapped
Compressed class space mapped at: 0x0000000100000000-0x0000000140000000, reserved size: 1073741824
Narrow klass base: 0x0000000000000000, Narrow klass shift: 3, Narrow klass range: 0x140000000

GC Precious Log:
 CardTable entry size: 512
 Card Set container configuration: InlinePtr #cards 5 size 8 Array Of Cards #cards 12 size 40 Howl #buckets 4 coarsen threshold 1843 Howl Bitmap #cards 512 size 80 coarsen threshold 460 Card regions per heap region 1 cards per card region 2048
 CPUs: 12 total, 12 available
 Memory: 7381M
 Large Page Support: Disabled
 NUMA Support: Disabled
 Compressed Oops: Enabled (32-bit)
 Heap Region Size: 1M
 Heap Min Capacity: 8M
 Heap Initial Capacity: 116M
 Heap Max Capacity: 2G
 Pre-touch: Disabled
 Parallel Workers: 10
 Concurrent Workers: 3
 Concurrent Refinement Workers: 10
 Periodic GC: Disabled

Heap:
 garbage-first heap   total 132096K, used 79131K [0x0000000080000000, 0x0000000100000000)
  region size 1024K, 5 young (5120K), 5 survivors (5120K)
 Metaspace       used 68014K, committed 69632K, reserved 1114112K
  class space    used 9245K, committed 10048K, reserved 1048576K

Heap Regions: E=young(eden), S=young(survivor), O=old, HS=humongous(starts), HC=humongous(continues), CS=collection set, F=free, TAMS=top-at-mark-start, PB=parsable bottom
|   0|0x0000000080000000, 0x0000000080100000, 0x0000000080100000|100%| O|  |TAMS 0x0000000080000000| PB 0x0000000080000000| Untracked 
|   1|0x0000000080100000, 0x0000000080200000, 0x0000000080200000|100%| O|  |TAMS 0x0000000080100000| PB 0x0000000080100000| Untracked 
|   2|0x0000000080200000, 0x0000000080300000, 0x0000000080300000|100%|HS|  |TAMS 0x0000000080200000| PB 0x0000000080200000| Complete 
|   3|0x0000000080300000, 0x0000000080400000, 0x0000000080400000|100%|HC|  |TAMS 0x0000000080300000| PB 0x0000000080300000| Complete 
|   4|0x0000000080400000, 0x0000000080500000, 0x0000000080500000|100%|HC|  |TAMS 0x0000000080400000| PB 0x0000000080400000| Complete 
|   5|0x0000000080500000, 0x0000000080600000, 0x0000000080600000|100%|HC|  |TAMS 0x0000000080500000| PB 0x0000000080500000| Complete 
|   6|0x0000000080600000, 0x0000000080700000, 0x0000000080700000|100%| O|  |TAMS 0x0000000080600000| PB 0x0000000080600000| Untracked 
|   7|0x0000000080700000, 0x0000000080800000, 0x0000000080800000|100%| O|  |TAMS 0x0000000080700000| PB 0x0000000080700000| Untracked 
|   8|0x0000000080800000, 0x0000000080900000, 0x0000000080900000|100%| O|  |TAMS 0x0000000080800000| PB 0x0000000080800000| Untracked 
|   9|0x0000000080900000, 0x0000000080a00000, 0x0000000080a00000|100%|HS|  |TAMS 0x0000000080900000| PB 0x0000000080900000| Complete 
|  10|0x0000000080a00000, 0x0000000080b00000, 0x0000000080b00000|100%| O|  |TAMS 0x0000000080a00000| PB 0x0000000080a00000| Untracked 
|  11|0x0000000080b00000, 0x0000000080c00000, 0x0000000080c00000|100%| O|  |TAMS 0x0000000080b00000| PB 0x0000000080b00000| Untracked 
|  12|0x0000000080c00000, 0x0000000080d00000, 0x0000000080d00000|100%| O|  |TAMS 0x0000000080c00000| PB 0x0000000080c00000| Untracked 
|  13|0x0000000080d00000, 0x0000000080e00000, 0x0000000080e00000|100%| O|  |TAMS 0x0000000080d00000| PB 0x0000000080d00000| Untracked 
|  14|0x0000000080e00000, 0x0000000080f00000, 0x0000000080f00000|100%|HS|  |TAMS 0x0000000080e00000| PB 0x0000000080e00000| Complete 
|  15|0x0000000080f00000, 0x0000000081000000, 0x0000000081000000|100%|HC|  |TAMS 0x0000000080f00000| PB 0x0000000080f00000| Complete 
|  16|0x0000000081000000, 0x0000000081100000, 0x0000000081100000|100%|HC|  |TAMS 0x0000000081000000| PB 0x0000000081000000| Complete 
|  17|0x0000000081100000, 0x0000000081200000, 0x0000000081200000|100%|HC|  |TAMS 0x0000000081100000| PB 0x0000000081100000| Complete 
|  18|0x0000000081200000, 0x0000000081300000, 0x0000000081300000|100%|HC|  |TAMS 0x0000000081200000| PB 0x0000000081200000| Complete 
|  19|0x0000000081300000, 0x0000000081400000, 0x0000000081400000|100%|HC|  |TAMS 0x0000000081300000| PB 0x0000000081300000| Complete 
|  20|0x0000000081400000, 0x0000000081500000, 0x0000000081500000|100%|HS|  |TAMS 0x0000000081400000| PB 0x0000000081400000| Complete 
|  21|0x0000000081500000, 0x0000000081600000, 0x0000000081600000|100%|HC|  |TAMS 0x0000000081500000| PB 0x0000000081500000| Complete 
|  22|0x0000000081600000, 0x0000000081700000, 0x0000000081700000|100%|HC|  |TAMS 0x0000000081600000| PB 0x0000000081600000| Complete 
|  23|0x0000000081700000, 0x0000000081800000, 0x0000000081800000|100%|HS|  |TAMS 0x0000000081700000| PB 0x0000000081700000| Complete 
|  24|0x0000000081800000, 0x0000000081900000, 0x0000000081900000|100%|HC|  |TAMS 0x0000000081800000| PB 0x0000000081800000| Complete 
|  25|0x0000000081900000, 0x0000000081a00000, 0x0000000081a00000|100%| O|  |TAMS 0x0000000081900000| PB 0x0000000081900000| Untracked 
|  26|0x0000000081a00000, 0x0000000081b00000, 0x0000000081b00000|100%|HS|  |TAMS 0x0000000081a00000| PB 0x0000000081a00000| Complete 
|  27|0x0000000081b00000, 0x0000000081c00000, 0x0000000081c00000|100%| O|  |TAMS 0x0000000081b00000| PB 0x0000000081b00000| Untracked 
|  28|0x0000000081c00000, 0x0000000081d00000, 0x0000000081d00000|100%| O|  |TAMS 0x0000000081c00000| PB 0x0000000081c00000| Untracked 
|  29|0x0000000081d00000, 0x0000000081e00000, 0x0000000081e00000|100%| O|  |TAMS 0x0000000081d00000| PB 0x0000000081d00000| Untracked 
|  30|0x0000000081e00000, 0x0000000081f00000, 0x0000000081f00000|100%| O|  |TAMS 0x0000000081e00000| PB 0x0000000081e00000| Untracked 
|  31|0x0000000081f00000, 0x0000000082000000, 0x0000000082000000|100%| O|  |TAMS 0x0000000081f00000| PB 0x0000000081f00000| Untracked 
|  32|0x0000000082000000, 0x0000000082000000, 0x0000000082100000|  0%| F|  |TAMS 0x0000000082000000| PB 0x0000000082000000| Untracked 
|  33|0x0000000082100000, 0x0000000082200000, 0x0000000082200000|100%| O|  |TAMS 0x0000000082100000| PB 0x0000000082100000| Untracked 
|  34|0x0000000082200000, 0x0000000082300000, 0x0000000082300000|100%| O|  |TAMS 0x0000000082200000| PB 0x0000000082200000| Untracked 
|  35|0x0000000082300000, 0x0000000082400000, 0x0000000082400000|100%| O|  |TAMS 0x0000000082300000| PB 0x0000000082300000| Untracked 
|  36|0x0000000082400000, 0x0000000082500000, 0x0000000082500000|100%| O|  |TAMS 0x0000000082400000| PB 0x0000000082400000| Untracked 
|  37|0x0000000082500000, 0x0000000082600000, 0x0000000082600000|100%| O|  |TAMS 0x0000000082500000| PB 0x0000000082500000| Untracked 
|  38|0x0000000082600000, 0x0000000082700000, 0x0000000082700000|100%| O|  |TAMS 0x0000000082600000| PB 0x0000000082600000| Untracked 
|  39|0x0000000082700000, 0x0000000082800000, 0x0000000082800000|100%| O|  |TAMS 0x0000000082700000| PB 0x0000000082700000| Untracked 
|  40|0x0000000082800000, 0x0000000082900000, 0x0000000082900000|100%| O|  |TAMS 0x0000000082800000| PB 0x0000000082800000| Untracked 
|  41|0x0000000082900000, 0x0000000082a00000, 0x0000000082a00000|100%|HS|  |TAMS 0x0000000082900000| PB 0x0000000082900000| Complete 
|  42|0x0000000082a00000, 0x0000000082b00000, 0x0000000082b00000|100%|HC|  |TAMS 0x0000000082a00000| PB 0x0000000082a00000| Complete 
|  43|0x0000000082b00000, 0x0000000082c00000, 0x0000000082c00000|100%| O|  |TAMS 0x0000000082b00000| PB 0x0000000082b00000| Untracked 
|  44|0x0000000082c00000, 0x0000000082d00000, 0x0000000082d00000|100%| O|  |TAMS 0x0000000082c00000| PB 0x0000000082c00000| Untracked 
|  45|0x0000000082d00000, 0x0000000082e00000, 0x0000000082e00000|100%| O|  |TAMS 0x0000000082d00000| PB 0x0000000082d00000| Untracked 
|  46|0x0000000082e00000, 0x0000000082f00000, 0x0000000082f00000|100%| O|  |TAMS 0x0000000082e00000| PB 0x0000000082e00000| Untracked 
|  47|0x0000000082f00000, 0x0000000083000000, 0x0000000083000000|100%| O|Cm|TAMS 0x0000000082f00000| PB 0x0000000082f00000| Complete 
|  48|0x0000000083000000, 0x0000000083100000, 0x0000000083100000|100%| O|  |TAMS 0x0000000083000000| PB 0x0000000083000000| Untracked 
|  49|0x0000000083100000, 0x0000000083200000, 0x0000000083200000|100%|HS|  |TAMS 0x0000000083100000| PB 0x0000000083100000| Complete 
|  50|0x0000000083200000, 0x0000000083300000, 0x0000000083300000|100%|HC|  |TAMS 0x0000000083200000| PB 0x0000000083200000| Complete 
|  51|0x0000000083300000, 0x0000000083400000, 0x0000000083400000|100%|HC|  |TAMS 0x0000000083300000| PB 0x0000000083300000| Complete 
|  52|0x0000000083400000, 0x0000000083500000, 0x0000000083500000|100%|HC|  |TAMS 0x0000000083400000| PB 0x0000000083400000| Complete 
|  53|0x0000000083500000, 0x0000000083600000, 0x0000000083600000|100%|HC|  |TAMS 0x0000000083500000| PB 0x0000000083500000| Complete 
|  54|0x0000000083600000, 0x0000000083700000, 0x0000000083700000|100%|HC|  |TAMS 0x0000000083600000| PB 0x0000000083600000| Complete 
|  55|0x0000000083700000, 0x0000000083800000, 0x0000000083800000|100%|HS|  |TAMS 0x0000000083700000| PB 0x0000000083700000| Complete 
|  56|0x0000000083800000, 0x0000000083900000, 0x0000000083900000|100%|HC|  |TAMS 0x0000000083800000| PB 0x0000000083800000| Complete 
|  57|0x0000000083900000, 0x0000000083a00000, 0x0000000083a00000|100%|HC|  |TAMS 0x0000000083900000| PB 0x0000000083900000| Complete 
|  58|0x0000000083a00000, 0x0000000083b00000, 0x0000000083b00000|100%|HC|  |TAMS 0x0000000083a00000| PB 0x0000000083a00000| Complete 
|  59|0x0000000083b00000, 0x0000000083c00000, 0x0000000083c00000|100%|HC|  |TAMS 0x0000000083b00000| PB 0x0000000083b00000| Complete 
|  60|0x0000000083c00000, 0x0000000083d00000, 0x0000000083d00000|100%|HC|  |TAMS 0x0000000083c00000| PB 0x0000000083c00000| Complete 
|  61|0x0000000083d00000, 0x0000000083e00000, 0x0000000083e00000|100%| O|  |TAMS 0x0000000083d00000| PB 0x0000000083d00000| Untracked 
|  62|0x0000000083e00000, 0x0000000083f00000, 0x0000000083f00000|100%| O|Cm|TAMS 0x0000000083e00000| PB 0x0000000083e00000| Complete 
|  63|0x0000000083f00000, 0x0000000083f0eb58, 0x0000000084000000|  5%| O|  |TAMS 0x0000000083f00000| PB 0x0000000083f00000| Untracked 
|  64|0x0000000084000000, 0x0000000084000000, 0x0000000084100000|  0%| F|  |TAMS 0x0000000084000000| PB 0x0000000084000000| Untracked 
|  65|0x0000000084100000, 0x0000000084100000, 0x0000000084200000|  0%| F|  |TAMS 0x0000000084100000| PB 0x0000000084100000| Untracked 
|  66|0x0000000084200000, 0x0000000084200000, 0x0000000084300000|  0%| F|  |TAMS 0x0000000084200000| PB 0x0000000084200000| Untracked 
|  67|0x0000000084300000, 0x0000000084300000, 0x0000000084400000|  0%| F|  |TAMS 0x0000000084300000| PB 0x0000000084300000| Untracked 
|  68|0x0000000084400000, 0x0000000084400000, 0x0000000084500000|  0%| F|  |TAMS 0x0000000084400000| PB 0x0000000084400000| Untracked 
|  69|0x0000000084500000, 0x0000000084500000, 0x0000000084600000|  0%| F|  |TAMS 0x0000000084500000| PB 0x0000000084500000| Untracked 
|  70|0x0000000084600000, 0x0000000084600000, 0x0000000084700000|  0%| F|  |TAMS 0x0000000084600000| PB 0x0000000084600000| Untracked 
|  71|0x0000000084700000, 0x0000000084700000, 0x0000000084800000|  0%| F|  |TAMS 0x0000000084700000| PB 0x0000000084700000| Untracked 
|  72|0x0000000084800000, 0x0000000084800000, 0x0000000084900000|  0%| F|  |TAMS 0x0000000084800000| PB 0x0000000084800000| Untracked 
|  73|0x0000000084900000, 0x0000000084900000, 0x0000000084a00000|  0%| F|  |TAMS 0x0000000084900000| PB 0x0000000084900000| Untracked 
|  74|0x0000000084a00000, 0x0000000084a00000, 0x0000000084b00000|  0%| F|  |TAMS 0x0000000084a00000| PB 0x0000000084a00000| Untracked 
|  75|0x0000000084b00000, 0x0000000084b00000, 0x0000000084c00000|  0%| F|  |TAMS 0x0000000084b00000| PB 0x0000000084b00000| Untracked 
|  76|0x0000000084c00000, 0x0000000084c00000, 0x0000000084d00000|  0%| F|  |TAMS 0x0000000084c00000| PB 0x0000000084c00000| Untracked 
|  77|0x0000000084d00000, 0x0000000084d00000, 0x0000000084e00000|  0%| F|  |TAMS 0x0000000084d00000| PB 0x0000000084d00000| Untracked 
|  78|0x0000000084e00000, 0x0000000084e00000, 0x0000000084f00000|  0%| F|  |TAMS 0x0000000084e00000| PB 0x0000000084e00000| Untracked 
|  79|0x0000000084f00000, 0x0000000084f00000, 0x0000000085000000|  0%| F|  |TAMS 0x0000000084f00000| PB 0x0000000084f00000| Untracked 
|  80|0x0000000085000000, 0x0000000085000000, 0x0000000085100000|  0%| F|  |TAMS 0x0000000085000000| PB 0x0000000085000000| Untracked 
|  81|0x0000000085100000, 0x0000000085100000, 0x0000000085200000|  0%| F|  |TAMS 0x0000000085100000| PB 0x0000000085100000| Untracked 
|  82|0x0000000085200000, 0x0000000085200000, 0x0000000085300000|  0%| F|  |TAMS 0x0000000085200000| PB 0x0000000085200000| Untracked 
|  83|0x0000000085300000, 0x0000000085338108, 0x0000000085400000| 21%| S|CS|TAMS 0x0000000085300000| PB 0x0000000085300000| Complete 
|  84|0x0000000085400000, 0x0000000085500000, 0x0000000085500000|100%| S|CS|TAMS 0x0000000085400000| PB 0x0000000085400000| Complete 
|  85|0x0000000085500000, 0x0000000085600000, 0x0000000085600000|100%| S|CS|TAMS 0x0000000085500000| PB 0x0000000085500000| Complete 
|  86|0x0000000085600000, 0x0000000085700000, 0x0000000085700000|100%| S|CS|TAMS 0x0000000085600000| PB 0x0000000085600000| Complete 
|  87|0x0000000085700000, 0x0000000085800000, 0x0000000085800000|100%| S|CS|TAMS 0x0000000085700000| PB 0x0000000085700000| Complete 
|  88|0x0000000085800000, 0x0000000085800000, 0x0000000085900000|  0%| F|  |TAMS 0x0000000085800000| PB 0x0000000085800000| Untracked 
|  89|0x0000000085900000, 0x0000000085900000, 0x0000000085a00000|  0%| F|  |TAMS 0x0000000085900000| PB 0x0000000085900000| Untracked 
|  90|0x0000000085a00000, 0x0000000085a00000, 0x0000000085b00000|  0%| F|  |TAMS 0x0000000085a00000| PB 0x0000000085a00000| Untracked 
|  91|0x0000000085b00000, 0x0000000085b00000, 0x0000000085c00000|  0%| F|  |TAMS 0x0000000085b00000| PB 0x0000000085b00000| Untracked 
|  92|0x0000000085c00000, 0x0000000085c00000, 0x0000000085d00000|  0%| F|  |TAMS 0x0000000085c00000| PB 0x0000000085c00000| Untracked 
|  93|0x0000000085d00000, 0x0000000085d00000, 0x0000000085e00000|  0%| F|  |TAMS 0x0000000085d00000| PB 0x0000000085d00000| Untracked 
|  94|0x0000000085e00000, 0x0000000085e00000, 0x0000000085f00000|  0%| F|  |TAMS 0x0000000085e00000| PB 0x0000000085e00000| Untracked 
|  95|0x0000000085f00000, 0x0000000085f00000, 0x0000000086000000|  0%| F|  |TAMS 0x0000000085f00000| PB 0x0000000085f00000| Untracked 
|  96|0x0000000086000000, 0x0000000086000000, 0x0000000086100000|  0%| F|  |TAMS 0x0000000086000000| PB 0x0000000086000000| Untracked 
|  97|0x0000000086100000, 0x0000000086100000, 0x0000000086200000|  0%| F|  |TAMS 0x0000000086100000| PB 0x0000000086100000| Untracked 
|  98|0x0000000086200000, 0x0000000086200000, 0x0000000086300000|  0%| F|  |TAMS 0x0000000086200000| PB 0x0000000086200000| Untracked 
|  99|0x0000000086300000, 0x0000000086300000, 0x0000000086400000|  0%| F|  |TAMS 0x0000000086300000| PB 0x0000000086300000| Untracked 
| 100|0x0000000086400000, 0x0000000086400000, 0x0000000086500000|  0%| F|  |TAMS 0x0000000086400000| PB 0x0000000086400000| Untracked 
| 101|0x0000000086500000, 0x0000000086500000, 0x0000000086600000|  0%| F|  |TAMS 0x0000000086500000| PB 0x0000000086500000| Untracked 
| 102|0x0000000086600000, 0x0000000086600000, 0x0000000086700000|  0%| F|  |TAMS 0x0000000086600000| PB 0x0000000086600000| Untracked 
| 103|0x0000000086700000, 0x0000000086700000, 0x0000000086800000|  0%| F|  |TAMS 0x0000000086700000| PB 0x0000000086700000| Untracked 
| 104|0x0000000086800000, 0x0000000086800000, 0x0000000086900000|  0%| F|  |TAMS 0x0000000086800000| PB 0x0000000086800000| Untracked 
| 105|0x0000000086900000, 0x0000000086900000, 0x0000000086a00000|  0%| F|  |TAMS 0x0000000086900000| PB 0x0000000086900000| Untracked 
| 106|0x0000000086a00000, 0x0000000086a00000, 0x0000000086b00000|  0%| F|  |TAMS 0x0000000086a00000| PB 0x0000000086a00000| Untracked 
| 107|0x0000000086b00000, 0x0000000086b00000, 0x0000000086c00000|  0%| F|  |TAMS 0x0000000086b00000| PB 0x0000000086b00000| Untracked 
| 108|0x0000000086c00000, 0x0000000086c00000, 0x0000000086d00000|  0%| F|  |TAMS 0x0000000086c00000| PB 0x0000000086c00000| Untracked 
| 109|0x0000000086d00000, 0x0000000086d00000, 0x0000000086e00000|  0%| F|  |TAMS 0x0000000086d00000| PB 0x0000000086d00000| Untracked 
| 110|0x0000000086e00000, 0x0000000086e00000, 0x0000000086f00000|  0%| F|  |TAMS 0x0000000086e00000| PB 0x0000000086e00000| Untracked 
| 111|0x0000000086f00000, 0x0000000086f00000, 0x0000000087000000|  0%| F|  |TAMS 0x0000000086f00000| PB 0x0000000086f00000| Untracked 
| 112|0x0000000087000000, 0x0000000087000000, 0x0000000087100000|  0%| F|  |TAMS 0x0000000087000000| PB 0x0000000087000000| Untracked 
| 113|0x0000000087100000, 0x0000000087100000, 0x0000000087200000|  0%| F|  |TAMS 0x0000000087100000| PB 0x0000000087100000| Untracked 
| 114|0x0000000087200000, 0x0000000087200000, 0x0000000087300000|  0%| F|  |TAMS 0x0000000087200000| PB 0x0000000087200000| Untracked 
| 115|0x0000000087300000, 0x0000000087300000, 0x0000000087400000|  0%| F|  |TAMS 0x0000000087300000| PB 0x0000000087300000| Untracked 
| 116|0x0000000087400000, 0x0000000087400000, 0x0000000087500000|  0%| F|  |TAMS 0x0000000087400000| PB 0x0000000087400000| Untracked 
|2036|0x00000000ff400000, 0x00000000ff500000, 0x00000000ff500000|100%| O|  |TAMS 0x00000000ff400000| PB 0x00000000ff400000| Untracked 
|2037|0x00000000ff500000, 0x00000000ff600000, 0x00000000ff600000|100%| O|  |TAMS 0x00000000ff500000| PB 0x00000000ff500000| Untracked 
|2038|0x00000000ff600000, 0x00000000ff700000, 0x00000000ff700000|100%| O|  |TAMS 0x00000000ff600000| PB 0x00000000ff600000| Untracked 
|2039|0x00000000ff700000, 0x00000000ff800000, 0x00000000ff800000|100%| O|  |TAMS 0x00000000ff700000| PB 0x00000000ff700000| Untracked 
|2040|0x00000000ff800000, 0x00000000ff900000, 0x00000000ff900000|100%| O|  |TAMS 0x00000000ff800000| PB 0x00000000ff800000| Untracked 
|2041|0x00000000ff900000, 0x00000000ff900000, 0x00000000ffa00000|  0%| F|  |TAMS 0x00000000ff900000| PB 0x00000000ff900000| Untracked 
|2042|0x00000000ffa00000, 0x00000000ffb00000, 0x00000000ffb00000|100%| O|  |TAMS 0x00000000ffa00000| PB 0x00000000ffa00000| Untracked 
|2043|0x00000000ffb00000, 0x00000000ffc00000, 0x00000000ffc00000|100%| O|  |TAMS 0x00000000ffb00000| PB 0x00000000ffb00000| Untracked 
|2044|0x00000000ffc00000, 0x00000000ffd00000, 0x00000000ffd00000|100%| O|  |TAMS 0x00000000ffc00000| PB 0x00000000ffc00000| Untracked 
|2045|0x00000000ffd00000, 0x00000000ffe00000, 0x00000000ffe00000|100%| O|  |TAMS 0x00000000ffd00000| PB 0x00000000ffd00000| Untracked 
|2046|0x00000000ffe00000, 0x00000000fff00000, 0x00000000fff00000|100%| O|  |TAMS 0x00000000ffe00000| PB 0x00000000ffe00000| Untracked 
|2047|0x00000000fff00000, 0x0000000100000000, 0x0000000100000000|100%| O|  |TAMS 0x00000000fff00000| PB 0x00000000fff00000| Untracked 

Card table byte_map: [0x0000016b92080000,0x0000016b92480000] _byte_map_base: 0x0000016b91c80000

Marking Bits: (CMBitMap*) 0x0000016bfece4ff0
 Bits: [0x0000016b92480000, 0x0000016b94480000)

Polling page: 0x0000016bfd480000

Metaspace:

Usage:
  Non-class:     57.39 MB used.
      Class:      9.03 MB used.
       Both:     66.42 MB used.

Virtual space:
  Non-class space:       64.00 MB reserved,      58.19 MB ( 91%) committed,  1 nodes.
      Class space:        1.00 GB reserved,       9.81 MB ( <1%) committed,  1 nodes.
             Both:        1.06 GB reserved,      68.00 MB (  6%) committed. 

Chunk freelists:
   Non-Class:  5.77 MB
       Class:  6.00 MB
        Both:  11.77 MB

MaxMetaspaceSize: unlimited
CompressedClassSpaceSize: 1.00 GB
Initial GC threshold: 21.00 MB
Current GC threshold: 107.12 MB
CDS: off
 - commit_granule_bytes: 65536.
 - commit_granule_words: 8192.
 - virtual_space_node_default_size: 8388608.
 - enlarge_chunks_in_place: 1.
 - use_allocation_guard: 0.


Internal statistics:

num_allocs_failed_limit: 6.
num_arena_births: 3100.
num_arena_deaths: 0.
num_vsnodes_births: 2.
num_vsnodes_deaths: 0.
num_space_committed: 1088.
num_space_uncommitted: 0.
num_chunks_returned_to_freelist: 6.
num_chunks_taken_from_freelist: 5918.
num_chunk_merges: 6.
num_chunk_splits: 3822.
num_chunks_enlarged: 2335.
num_inconsistent_stats: 0.

CodeHeap 'non-profiled nmethods': size=120000Kb used=2985Kb max_used=2985Kb free=117014Kb
 bounds [0x0000016b8ab50000, 0x0000016b8ae40000, 0x0000016b92080000]
CodeHeap 'profiled nmethods': size=120000Kb used=10136Kb max_used=10136Kb free=109863Kb
 bounds [0x0000016b83080000, 0x0000016b83a70000, 0x0000016b8a5b0000]
CodeHeap 'non-nmethods': size=5760Kb used=2731Kb max_used=2773Kb free=3028Kb
 bounds [0x0000016b8a5b0000, 0x0000016b8a870000, 0x0000016b8ab50000]
 total_blobs=6329 nmethods=5450 adapters=782
 compilation: enabled
              stopped_count=0, restarted_count=0
 full_count=0

Compilation events (20 events):
Event: 12.238 Thread 0x0000016b97210690 nmethod 6344 0x0000016b83a5fb90 code [0x0000016b83a5fd60, 0x0000016b83a600c8]
Event: 12.238 Thread 0x0000016b97210690 6338       3       org.gradle.internal.dispatch.MethodInvocation::<init> (25 bytes)
Event: 12.238 Thread 0x0000016b97210690 nmethod 6338 0x0000016b83a60210 code [0x0000016b83a603c0, 0x0000016b83a60630]
Event: 12.273 Thread 0x0000016b9720ffe0 nmethod 6339 0x0000016b8ae36c10 code [0x0000016b8ae36f40, 0x0000016b8ae388a0]
Event: 12.273 Thread 0x0000016b9720ffe0 6345       4       java.lang.PublicMethods$MethodList::merge (192 bytes)
Event: 12.281 Thread 0x0000016b9720ffe0 nmethod 6345 0x0000016b8abdda10 code [0x0000016b8abddbc0, 0x0000016b8abde170]
Event: 12.285 Thread 0x0000016b9720ffe0 6346       4       java.lang.ReflectiveOperationException::<init> (7 bytes)
Event: 12.289 Thread 0x0000016b9720ffe0 nmethod 6346 0x0000016b8ae39790 code [0x0000016b8ae39960, 0x0000016b8ae3a148]
Event: 12.299 Thread 0x0000016b97210690 6347       3       org.gradle.internal.serialize.graph.codecs.Binding::encodingForType (17 bytes)
Event: 12.300 Thread 0x0000016b97210690 nmethod 6347 0x0000016b83a60710 code [0x0000016b83a60960, 0x0000016b83a610e8]
Event: 12.300 Thread 0x0000016b97210690 6348       3       org.gradle.internal.serialize.graph.codecs.BindingsBuilder$producerForSubtypesOf$1::encodingForType (9 bytes)
Event: 12.300 Thread 0x0000016b97210690 nmethod 6348 0x0000016b83a61410 code [0x0000016b83a615c0, 0x0000016b83a617f0]
Event: 12.303 Thread 0x0000016b97210690 6349       3       org.gradle.internal.serialize.graph.codecs.BindingsBuilder$producerForSubtypesOf$1::encodingForType (36 bytes)
Event: 12.303 Thread 0x0000016b97210690 nmethod 6349 0x0000016b83a61890 code [0x0000016b83a61ac0, 0x0000016b83a62110]
Event: 12.365 Thread 0x0000016b97210690 6350       3       org.gradle.internal.serialize.graph.codecs.Binding::encodingForType (17 bytes)
Event: 12.365 Thread 0x0000016b97210690 nmethod 6350 0x0000016b83a62410 code [0x0000016b83a62640, 0x0000016b83a62cb0]
Event: 12.373 Thread 0x0000016b97210690 6351       3       org.gradle.internal.serialize.graph.codecs.BindingsBuilder::bind (177 bytes)
Event: 12.376 Thread 0x0000016b97210690 nmethod 6351 0x0000016b83a62f10 code [0x0000016b83a63460, 0x0000016b83a65d50]
Event: 12.385 Thread 0x0000016b9720ffe0 6352       4       org.gradle.internal.serialize.graph.codecs.BindingsBuilder$producerForSubtypesOf$1::encodingForType (9 bytes)
Event: 12.386 Thread 0x0000016b9720ffe0 nmethod 6352 0x0000016b8ae3a290 code [0x0000016b8ae3a420, 0x0000016b8ae3a570]

GC Heap History (20 events):
Event: 6.988 GC heap after
{Heap after GC invocations=8 (full 0):
 garbage-first heap   total 92160K, used 41911K [0x0000000080000000, 0x0000000100000000)
  region size 1024K, 2 young (2048K), 2 survivors (2048K)
 Metaspace       used 35097K, committed 35968K, reserved 1114112K
  class space    used 4707K, committed 5120K, reserved 1048576K
}
Event: 7.540 GC heap before
{Heap before GC invocations=9 (full 0):
 garbage-first heap   total 92160K, used 68535K [0x0000000080000000, 0x0000000100000000)
  region size 1024K, 27 young (27648K), 2 survivors (2048K)
 Metaspace       used 38267K, committed 39232K, reserved 1114112K
  class space    used 5206K, committed 5696K, reserved 1048576K
}
Event: 7.542 GC heap after
{Heap after GC invocations=10 (full 0):
 garbage-first heap   total 92160K, used 43765K [0x0000000080000000, 0x0000000100000000)
  region size 1024K, 3 young (3072K), 3 survivors (3072K)
 Metaspace       used 38267K, committed 39232K, reserved 1114112K
  class space    used 5206K, committed 5696K, reserved 1048576K
}
Event: 7.925 GC heap before
{Heap before GC invocations=10 (full 0):
 garbage-first heap   total 92160K, used 70389K [0x0000000080000000, 0x0000000100000000)
  region size 1024K, 29 young (29696K), 3 survivors (3072K)
 Metaspace       used 41665K, committed 42944K, reserved 1114112K
  class space    used 5764K, committed 6400K, reserved 1048576K
}
Event: 7.928 GC heap after
{Heap after GC invocations=11 (full 0):
 garbage-first heap   total 92160K, used 45159K [0x0000000080000000, 0x0000000100000000)
  region size 1024K, 4 young (4096K), 4 survivors (4096K)
 Metaspace       used 41665K, committed 42944K, reserved 1114112K
  class space    used 5764K, committed 6400K, reserved 1048576K
}
Event: 8.634 GC heap before
{Heap before GC invocations=11 (full 0):
 garbage-first heap   total 92160K, used 71783K [0x0000000080000000, 0x0000000100000000)
  region size 1024K, 31 young (31744K), 4 survivors (4096K)
 Metaspace       used 47692K, committed 49024K, reserved 1114112K
  class space    used 6497K, committed 7168K, reserved 1048576K
}
Event: 8.639 GC heap after
{Heap after GC invocations=12 (full 0):
 garbage-first heap   total 92160K, used 48565K [0x0000000080000000, 0x0000000100000000)
  region size 1024K, 4 young (4096K), 4 survivors (4096K)
 Metaspace       used 47692K, committed 49024K, reserved 1114112K
  class space    used 6497K, committed 7168K, reserved 1048576K
}
Event: 8.952 GC heap before
{Heap before GC invocations=13 (full 0):
 garbage-first heap   total 92160K, used 75189K [0x0000000080000000, 0x0000000100000000)
  region size 1024K, 31 young (31744K), 4 survivors (4096K)
 Metaspace       used 49042K, committed 50304K, reserved 1114112K
  class space    used 6629K, committed 7232K, reserved 1048576K
}
Event: 8.958 GC heap after
{Heap after GC invocations=14 (full 0):
 garbage-first heap   total 92160K, used 51249K [0x0000000080000000, 0x0000000100000000)
  region size 1024K, 3 young (3072K), 3 survivors (3072K)
 Metaspace       used 49042K, committed 50304K, reserved 1114112K
  class space    used 6629K, committed 7232K, reserved 1048576K
}
Event: 9.504 GC heap before
{Heap before GC invocations=14 (full 0):
 garbage-first heap   total 92160K, used 82993K [0x0000000080000000, 0x0000000100000000)
  region size 1024K, 29 young (29696K), 3 survivors (3072K)
 Metaspace       used 52704K, committed 54080K, reserved 1114112K
  class space    used 7073K, committed 7744K, reserved 1048576K
}
Event: 9.508 GC heap after
{Heap after GC invocations=15 (full 0):
 garbage-first heap   total 110592K, used 52936K [0x0000000080000000, 0x0000000100000000)
  region size 1024K, 3 young (3072K), 3 survivors (3072K)
 Metaspace       used 52704K, committed 54080K, reserved 1114112K
  class space    used 7073K, committed 7744K, reserved 1048576K
}
Event: 10.102 GC heap before
{Heap before GC invocations=15 (full 0):
 garbage-first heap   total 110592K, used 80584K [0x0000000080000000, 0x0000000100000000)
  region size 1024K, 31 young (31744K), 3 survivors (3072K)
 Metaspace       used 55863K, committed 57408K, reserved 1114112K
  class space    used 7610K, committed 8384K, reserved 1048576K
}
Event: 10.106 GC heap after
{Heap after GC invocations=16 (full 0):
 garbage-first heap   total 110592K, used 55511K [0x0000000080000000, 0x0000000100000000)
  region size 1024K, 6 young (6144K), 6 survivors (6144K)
 Metaspace       used 55863K, committed 57408K, reserved 1114112K
  class space    used 7610K, committed 8384K, reserved 1048576K
}
Event: 10.787 GC heap before
{Heap before GC invocations=17 (full 0):
 garbage-first heap   total 110592K, used 107735K [0x0000000080000000, 0x0000000100000000)
  region size 1024K, 42 young (43008K), 6 survivors (6144K)
 Metaspace       used 58599K, committed 60224K, reserved 1114112K
  class space    used 7852K, committed 8640K, reserved 1048576K
}
Event: 10.795 GC heap after
{Heap after GC invocations=18 (full 0):
 garbage-first heap   total 120832K, used 75217K [0x0000000080000000, 0x0000000100000000)
  region size 1024K, 6 young (6144K), 6 survivors (6144K)
 Metaspace       used 58599K, committed 60224K, reserved 1114112K
  class space    used 7852K, committed 8640K, reserved 1048576K
}
Event: 11.062 GC heap before
{Heap before GC invocations=18 (full 0):
 garbage-first heap   total 120832K, used 105937K [0x0000000080000000, 0x0000000100000000)
  region size 1024K, 36 young (36864K), 6 survivors (6144K)
 Metaspace       used 59697K, committed 61376K, reserved 1114112K
  class space    used 8037K, committed 8896K, reserved 1048576K
}
Event: 11.067 GC heap after
{Heap after GC invocations=19 (full 0):
 garbage-first heap   total 120832K, used 76386K [0x0000000080000000, 0x0000000100000000)
  region size 1024K, 2 young (2048K), 2 survivors (2048K)
 Metaspace       used 59697K, committed 61376K, reserved 1114112K
  class space    used 8037K, committed 8896K, reserved 1048576K
}
Event: 11.648 GC heap before
{Heap before GC invocations=19 (full 0):
 garbage-first heap   total 120832K, used 107106K [0x0000000080000000, 0x0000000100000000)
  region size 1024K, 32 young (32768K), 2 survivors (2048K)
 Metaspace       used 63993K, committed 65728K, reserved 1114112K
  class space    used 8620K, committed 9472K, reserved 1048576K
}
Event: 11.651 GC heap after
{Heap after GC invocations=20 (full 0):
 garbage-first heap   total 120832K, used 77558K [0x0000000080000000, 0x0000000100000000)
  region size 1024K, 3 young (3072K), 3 survivors (3072K)
 Metaspace       used 63993K, committed 65728K, reserved 1114112K
  class space    used 8620K, committed 9472K, reserved 1048576K
}
Event: 12.421 GC heap before
{Heap before GC invocations=21 (full 0):
 garbage-first heap   total 132096K, used 108278K [0x0000000080000000, 0x0000000100000000)
  region size 1024K, 33 young (33792K), 3 survivors (3072K)
 Metaspace       used 68014K, committed 69632K, reserved 1114112K
  class space    used 9245K, committed 10048K, reserved 1048576K
}

Dll operation events (3 events):
Event: 0.013 Loaded shared library C:\Program Files\Android\Android Studio\jbr\bin\java.dll
Event: 0.020 Loaded shared library C:\Program Files\Android\Android Studio\jbr\bin\zip.dll
Event: 0.955 Loaded shared library C:\Program Files\Android\Android Studio\jbr\bin\verify.dll

Deoptimization events (20 events):
Event: 12.080 Thread 0x0000016b9d40a4b0 Uncommon trap: trap_request=0xffffff45 fr.pc=0x0000016b8ae22320 relative=0x0000000000000420
Event: 12.080 Thread 0x0000016b9d40a4b0 Uncommon trap: reason=unstable_if action=reinterpret pc=0x0000016b8ae22320 method=org.gradle.internal.file.FileHierarchySet$Node.isChildOfOrThis(Ljava/lang/String;I)Z @ 89 c2
Event: 12.080 Thread 0x0000016b9d40a4b0 DEOPT PACKING pc=0x0000016b8ae22320 sp=0x0000000a426f8bf0
Event: 12.080 Thread 0x0000016b9d40a4b0 DEOPT UNPACKING pc=0x0000016b8a6046a2 sp=0x0000000a426f8b78 mode 2
Event: 12.208 Thread 0x0000016b9d40a4b0 Uncommon trap: trap_request=0xffffff45 fr.pc=0x0000016b8ad40700 relative=0x00000000000002c0
Event: 12.208 Thread 0x0000016b9d40a4b0 Uncommon trap: reason=unstable_if action=reinterpret pc=0x0000016b8ad40700 method=java.util.HashMap.getNode(Ljava/lang/Object;)Ljava/util/HashMap$Node; @ 85 c2
Event: 12.208 Thread 0x0000016b9d40a4b0 DEOPT PACKING pc=0x0000016b8ad40700 sp=0x0000000a426f8490
Event: 12.208 Thread 0x0000016b9d40a4b0 DEOPT UNPACKING pc=0x0000016b8a6046a2 sp=0x0000000a426f8390 mode 2
Event: 12.208 Thread 0x0000016b9d40a4b0 Uncommon trap: trap_request=0xffffff45 fr.pc=0x0000016b8ab82624 relative=0x00000000000009a4
Event: 12.208 Thread 0x0000016b9d40a4b0 Uncommon trap: reason=unstable_if action=reinterpret pc=0x0000016b8ab82624 method=java.util.HashMap.resize()[Ljava/util/HashMap$Node; @ 203 c2
Event: 12.208 Thread 0x0000016b9d40a4b0 DEOPT PACKING pc=0x0000016b8ab82624 sp=0x0000000a426f8300
Event: 12.208 Thread 0x0000016b9d40a4b0 DEOPT UNPACKING pc=0x0000016b8a6046a2 sp=0x0000000a426f8290 mode 2
Event: 12.208 Thread 0x0000016b9d40a4b0 Uncommon trap: trap_request=0xffffff45 fr.pc=0x0000016b8ad13f28 relative=0x0000000000000268
Event: 12.208 Thread 0x0000016b9d40a4b0 Uncommon trap: reason=unstable_if action=reinterpret pc=0x0000016b8ad13f28 method=java.util.HashMap.getNode(Ljava/lang/Object;)Ljava/util/HashMap$Node; @ 85 c2
Event: 12.208 Thread 0x0000016b9d40a4b0 DEOPT PACKING pc=0x0000016b8ad13f28 sp=0x0000000a426f8410
Event: 12.208 Thread 0x0000016b9d40a4b0 DEOPT UNPACKING pc=0x0000016b8a6046a2 sp=0x0000000a426f8390 mode 2
Event: 12.417 Thread 0x0000016b9d40a4b0 Uncommon trap: trap_request=0xffffff45 fr.pc=0x0000016b8ae3a4b0 relative=0x0000000000000090
Event: 12.417 Thread 0x0000016b9d40a4b0 Uncommon trap: reason=unstable_if action=reinterpret pc=0x0000016b8ae3a4b0 method=org.gradle.internal.serialize.graph.codecs.BindingsBuilder$producerForSubtypesOf$1.encodingForType(Ljava/lang/Class;)Lorg/gradle/internal/serialize/graph/Codec; @ 27 c2
Event: 12.417 Thread 0x0000016b9d40a4b0 DEOPT PACKING pc=0x0000016b8ae3a4b0 sp=0x0000000a426f9180
Event: 12.417 Thread 0x0000016b9d40a4b0 DEOPT UNPACKING pc=0x0000016b8a6046a2 sp=0x0000000a426f9088 mode 2

Classes loaded (20 events):
Event: 11.700 Loading class javax/naming/NamingException
Event: 11.701 Loading class javax/naming/NamingException done
Event: 11.701 Loading class javax/naming/InvalidNameException
Event: 11.701 Loading class javax/naming/InvalidNameException done
Event: 11.701 Loading class java/security/cert/CertificateParsingException
Event: 11.701 Loading class java/security/cert/CertificateException
Event: 11.701 Loading class java/security/cert/CertificateException done
Event: 11.701 Loading class java/security/cert/CertificateParsingException done
Event: 11.755 Loading class java/nio/channels/Channels$ReadableByteChannelImpl
Event: 11.755 Loading class java/nio/channels/Channels$ReadableByteChannelImpl done
Event: 11.769 Loading class java/util/EmptyStackException
Event: 11.769 Loading class java/util/EmptyStackException done
Event: 11.778 Loading class java/io/InvalidClassException
Event: 11.778 Loading class java/io/InvalidClassException done
Event: 12.041 Loading class java/util/Comparators$NaturalOrderComparator
Event: 12.041 Loading class java/util/Comparators$NaturalOrderComparator done
Event: 12.155 Loading class java/nio/file/AtomicMoveNotSupportedException
Event: 12.155 Loading class java/nio/file/AtomicMoveNotSupportedException done
Event: 12.184 Loading class java/io/FileWriter
Event: 12.184 Loading class java/io/FileWriter done

Classes unloaded (0 events):
No events

Classes redefined (0 events):
No events

Internal exceptions (20 events):
Event: 10.727 Thread 0x0000016b9d40a4b0 Exception <a 'sun/nio/fs/WindowsException'{0x0000000083f91a60}> (0x0000000083f91a60) 
thrown [s\src\hotspot\share\prims\jni.cpp, line 535]
Event: 10.727 Thread 0x0000016b9d40a4b0 Exception <a 'sun/nio/fs/WindowsException'{0x0000000083f931e0}> (0x0000000083f931e0) 
thrown [s\src\hotspot\share\prims\jni.cpp, line 535]
Event: 10.728 Thread 0x0000016b9d40a4b0 Exception <a 'sun/nio/fs/WindowsException'{0x0000000083f94588}> (0x0000000083f94588) 
thrown [s\src\hotspot\share\prims\jni.cpp, line 535]
Event: 10.729 Thread 0x0000016b9d40a4b0 Exception <a 'java/lang/NoSuchMethodError'{0x0000000083fa51a0}: 'java.lang.Object java.lang.invoke.Invokers$Holder.invoker(java.lang.Object, java.lang.Object, java.lang.Object, java.lang.Object, java.lang.Object, java.lang.Object)'> (0x0000000083fa51a0) 
thrown [s\src\hotspot\share\interpreter\linkResolver.cpp, line 784]
Event: 10.748 Thread 0x0000016b9d40a4b0 Exception <a 'java/lang/NoSuchMethodError'{0x0000000083e9aaf8}: 'java.lang.Object java.lang.invoke.Invokers$Holder.invoker(java.lang.Object, java.lang.Object, java.lang.Object, java.lang.Object, java.lang.Object)'> (0x0000000083e9aaf8) 
thrown [s\src\hotspot\share\interpreter\linkResolver.cpp, line 784]
Event: 10.749 Thread 0x0000016b9d40a4b0 Exception <a 'java/lang/NoSuchMethodError'{0x0000000083ebb250}: 'java.lang.Object java.lang.invoke.Invokers$Holder.invoker(java.lang.Object, java.lang.Object, java.lang.Object, java.lang.Object, java.lang.Object, java.lang.Object, java.lang.Object, java.lang.Object, java.lang.Object, java.lang.Object, java.lang.Object, java.lang.Object, java.lang.Object, java.lang.Object, java.lang.Object, java.lang.Object, java.lang.Object, java.lang.Object, java.lang.Object, java.lang.Object, java.lang.Object, java.lang.
Event: 10.750 Thread 0x0000016b9d40a4b0 Exception <a 'java/lang/NoSuchMethodError'{0x0000000083ec1ac0}: 'java.lang.Object java.lang.invoke.DelegatingMethodHandle$Holder.delegate(java.lang.Object, java.lang.Object, java.lang.Object, java.lang.Object, java.lang.Object, java.lang.Object, java.lang.Object, java.lang.Object, java.lang.Object, java.lang.Object, java.lang.Object, java.lang.Object, java.lang.Object, java.lang.Object, java.lang.Object, java.lang.Object, java.lang.Object, java.lang.Object, java.lang.Object, java.lang.Object, java.lang.Obj
Event: 11.018 Thread 0x0000016b9d40a4b0 Exception <a 'java/lang/NoSuchMethodError'{0x0000000084962c18}: 'java.lang.Object java.lang.invoke.DirectMethodHandle$Holder.newInvokeSpecial(java.lang.Object, java.lang.Object, java.lang.Object, java.lang.Object, java.lang.Object, java.lang.Object, java.lang.Object, java.lang.Object, java.lang.Object, java.lang.Object, java.lang.Object, java.lang.Object, java.lang.Object, java.lang.Object, java.lang.Object, java.lang.Object, java.lang.Object, java.lang.Object, java.lang.Object)'> (0x0000000084962c18) 
thr
Event: 11.019 Thread 0x0000016b9d40a4b0 Exception <a 'java/lang/NoSuchMethodError'{0x0000000084969840}: 'java.lang.Object java.lang.invoke.DirectMethodHandle$Holder.invokeSpecial(java.lang.Object, java.lang.Object, java.lang.Object, java.lang.Object, java.lang.Object, java.lang.Object, java.lang.Object, java.lang.Object, java.lang.Object, java.lang.Object, java.lang.Object, java.lang.Object, java.lang.Object, java.lang.Object, java.lang.Object, java.lang.Object, java.lang.Object, java.lang.Object, java.lang.Object, java.lang.Object)'> (0x0000000
Event: 11.019 Thread 0x0000016b9d40a4b0 Exception <a 'java/lang/NoSuchMethodError'{0x000000008496f340}: 'java.lang.Object java.lang.invoke.DelegatingMethodHandle$Holder.reinvoke_L(java.lang.Object, java.lang.Object, java.lang.Object, java.lang.Object, java.lang.Object, java.lang.Object, java.lang.Object, java.lang.Object, java.lang.Object, java.lang.Object, java.lang.Object, java.lang.Object, java.lang.Object, java.lang.Object, java.lang.Object, java.lang.Object, java.lang.Object, java.lang.Object, java.lang.Object)'> (0x000000008496f340) 
throw
Event: 11.029 Thread 0x0000016b9d40a4b0 Exception <a 'java/lang/IncompatibleClassChangeError'{0x000000008483d778}: Found class java.lang.Object, but interface was expected> (0x000000008483d778) 
thrown [s\src\hotspot\share\interpreter\linkResolver.cpp, line 851]
Event: 11.030 Thread 0x0000016b9d40a4b0 Exception <a 'java/lang/NoSuchMethodError'{0x0000000084843050}: 'java.lang.Object java.lang.invoke.DirectMethodHandle$Holder.invokeVirtual(java.lang.Object, java.lang.Object, java.lang.Object, java.lang.Object, java.lang.Object, java.lang.Object, java.lang.Object, java.lang.Object, java.lang.Object, java.lang.Object, java.lang.Object, java.lang.Object, java.lang.Object)'> (0x0000000084843050) 
thrown [s\src\hotspot\share\interpreter\linkResolver.cpp, line 784]
Event: 11.626 Thread 0x0000016b9d46f3f0 Exception <a 'java/lang/NoSuchMethodError'{0x0000000084e95950}: static Lorg/gradle/internal/build/event/types/DefaultOperationStartedProgressEvent;.<clinit>()V> (0x0000000084e95950) 
thrown [s\src\hotspot\share\prims\jni.cpp, line 1135]
Event: 11.626 Thread 0x0000016b9d46f3f0 Exception <a 'java/lang/NoSuchMethodError'{0x0000000084e976a8}: static Lorg/gradle/internal/build/event/types/AbstractProgressEvent;.<clinit>()V> (0x0000000084e976a8) 
thrown [s\src\hotspot\share\prims\jni.cpp, line 1135]
Event: 11.627 Thread 0x0000016b9d46f3f0 Exception <a 'java/lang/NoSuchMethodError'{0x0000000084d0e1e0}: static Lorg/gradle/internal/build/event/types/DefaultBuildPhaseDescriptor;.<clinit>()V> (0x0000000084d0e1e0) 
thrown [s\src\hotspot\share\prims\jni.cpp, line 1135]
Event: 11.628 Thread 0x0000016b9d46f3f0 Exception <a 'java/lang/NoSuchMethodError'{0x0000000084d11fe0}: static Lorg/gradle/internal/build/event/types/DefaultOperationDescriptor;.<clinit>()V> (0x0000000084d11fe0) 
thrown [s\src\hotspot\share\prims\jni.cpp, line 1135]
Event: 11.629 Thread 0x0000016b9d46f3f0 Exception <a 'java/lang/NoSuchMethodError'{0x0000000084d2d4f8}: static Lorg/gradle/internal/operations/OperationIdentifier;.<clinit>()V> (0x0000000084d2d4f8) 
thrown [s\src\hotspot\share\prims\jni.cpp, line 1135]
Event: 11.744 Thread 0x0000016b9d40a4b0 Exception <a 'sun/nio/fs/WindowsException'{0x00000000871124e0}> (0x00000000871124e0) 
thrown [s\src\hotspot\share\prims\jni.cpp, line 535]
Event: 11.744 Thread 0x0000016b9d40a4b0 Exception <a 'sun/nio/fs/WindowsException'{0x0000000087113c00}> (0x0000000087113c00) 
thrown [s\src\hotspot\share\prims\jni.cpp, line 535]
Event: 11.746 Thread 0x0000016b9d40a4b0 Exception <a 'sun/nio/fs/WindowsException'{0x00000000871210f8}> (0x00000000871210f8) 
thrown [s\src\hotspot\share\prims\jni.cpp, line 535]

ZGC Phase Switch (0 events):
No events

VM Operations (20 events):
Event: 10.699 Executing VM operation: ICBufferFull done
Event: 10.726 Executing VM operation: HandshakeAllThreads (Deoptimize)
Event: 10.726 Executing VM operation: HandshakeAllThreads (Deoptimize) done
Event: 10.787 Executing VM operation: G1CollectForAllocation (G1 Evacuation Pause)
Event: 10.795 Executing VM operation: G1CollectForAllocation (G1 Evacuation Pause) done
Event: 11.062 Executing VM operation: G1CollectForAllocation (G1 Evacuation Pause)
Event: 11.067 Executing VM operation: G1CollectForAllocation (G1 Evacuation Pause) done
Event: 11.648 Executing VM operation: G1CollectForAllocation (G1 Evacuation Pause)
Event: 11.651 Executing VM operation: G1CollectForAllocation (G1 Evacuation Pause) done
Event: 11.676 Executing VM operation: G1PauseRemark
Event: 11.679 Executing VM operation: G1PauseRemark done
Event: 11.689 Executing VM operation: G1PauseCleanup
Event: 11.689 Executing VM operation: G1PauseCleanup done
Event: 12.047 Executing VM operation: HandshakeAllThreads (Deoptimize)
Event: 12.048 Executing VM operation: HandshakeAllThreads (Deoptimize) done
Event: 12.186 Executing VM operation: HandshakeAllThreads (Deoptimize)
Event: 12.186 Executing VM operation: HandshakeAllThreads (Deoptimize) done
Event: 12.361 Executing VM operation: HandshakeAllThreads (Deoptimize)
Event: 12.361 Executing VM operation: HandshakeAllThreads (Deoptimize) done
Event: 12.421 Executing VM operation: G1CollectForAllocation (G1 Evacuation Pause)

Memory protections (0 events):
No events

Nmethod flushes (20 events):
Event: 11.678 Thread 0x0000016b97010a30 flushing  nmethod 0x0000016b836ea110
Event: 11.678 Thread 0x0000016b97010a30 flushing  nmethod 0x0000016b837fbd90
Event: 11.678 Thread 0x0000016b97010a30 flushing  nmethod 0x0000016b8385d110
Event: 11.678 Thread 0x0000016b97010a30 flushing  nmethod 0x0000016b8385dc90
Event: 11.678 Thread 0x0000016b97010a30 flushing  nmethod 0x0000016b83142c90
Event: 11.678 Thread 0x0000016b97010a30 flushing  nmethod 0x0000016b831b7390
Event: 11.678 Thread 0x0000016b97010a30 flushing  nmethod 0x0000016b83214510
Event: 11.678 Thread 0x0000016b97010a30 flushing  nmethod 0x0000016b83215510
Event: 11.678 Thread 0x0000016b97010a30 flushing  nmethod 0x0000016b8339b110
Event: 11.678 Thread 0x0000016b97010a30 flushing  nmethod 0x0000016b8339b790
Event: 11.678 Thread 0x0000016b97010a30 flushing  nmethod 0x0000016b83663910
Event: 11.678 Thread 0x0000016b97010a30 flushing  nmethod 0x0000016b83665b90
Event: 11.678 Thread 0x0000016b97010a30 flushing  nmethod 0x0000016b83669c90
Event: 11.678 Thread 0x0000016b97010a30 flushing  nmethod 0x0000016b8366ba10
Event: 11.678 Thread 0x0000016b97010a30 flushing  nmethod 0x0000016b83733d10
Event: 11.678 Thread 0x0000016b97010a30 flushing  nmethod 0x0000016b83737210
Event: 11.678 Thread 0x0000016b97010a30 flushing  nmethod 0x0000016b837d3990
Event: 11.678 Thread 0x0000016b97010a30 flushing  nmethod 0x0000016b837d7210
Event: 11.678 Thread 0x0000016b97010a30 flushing  nmethod 0x0000016b837d8d90
Event: 11.678 Thread 0x0000016b97010a30 flushing  nmethod 0x0000016b837d9190

Events (20 events):
Event: 9.977 Thread 0x0000016b9d40a4b0 Thread added: 0x0000016b9e7214a0
Event: 9.978 Thread 0x0000016b9d40a4b0 Thread added: 0x0000016b9e71fa60
Event: 10.209 Thread 0x0000016b9d40a4b0 Thread added: 0x0000016b9e71b230
Event: 10.209 Thread 0x0000016b9d40a4b0 Thread added: 0x0000016b9e720e10
Event: 10.210 Thread 0x0000016b9d40a4b0 Thread added: 0x0000016b9f7c20b0
Event: 10.211 Thread 0x0000016b9d40a4b0 Thread added: 0x0000016b9f7c2740
Event: 10.212 Thread 0x0000016b9d40a4b0 Thread added: 0x0000016b9f7c1a20
Event: 10.212 Thread 0x0000016b9d40a4b0 Thread added: 0x0000016b9f7c2dd0
Event: 10.213 Thread 0x0000016b9d40a4b0 Thread added: 0x0000016b9f7c3460
Event: 10.214 Thread 0x0000016b9d40a4b0 Thread added: 0x0000016b9f7c3af0
Event: 10.244 Thread 0x0000016b9d40a4b0 Thread added: 0x0000016b9f7c0670
Event: 10.245 Thread 0x0000016b9d40a4b0 Thread added: 0x0000016b9f7c4180
Event: 10.246 Thread 0x0000016b9d40a4b0 Thread added: 0x0000016b9f7c0d00
Event: 10.246 Thread 0x0000016b9d40a4b0 Thread added: 0x0000016b9f7c4810
Event: 10.248 Thread 0x0000016b9d40a4b0 Thread added: 0x0000016b9f7c1390
Event: 10.248 Thread 0x0000016b9d40a4b0 Thread added: 0x0000016b9f7c68e0
Event: 10.249 Thread 0x0000016b9d40a4b0 Thread added: 0x0000016b9f7c4ea0
Event: 10.249 Thread 0x0000016b9d40a4b0 Thread added: 0x0000016b9f7c5530
Event: 10.250 Thread 0x0000016b9d40a4b0 Thread added: 0x0000016b9f7c5bc0
Event: 11.436 Thread 0x0000016b9d65e070 Thread exited: 0x0000016b9d65e070


Dynamic libraries:
0x00007ff64ccd0000 - 0x00007ff64ccda000 	C:\Program Files\Android\Android Studio\jbr\bin\java.exe
0x00007ffb53c80000 - 0x00007ffb53ee0000 	C:\WINDOWS\SYSTEM32\ntdll.dll
0x00007ffb52e40000 - 0x00007ffb52f07000 	C:\WINDOWS\System32\KERNEL32.DLL
0x00007ffb516b0000 - 0x00007ffb51a7a000 	C:\WINDOWS\System32\KERNELBASE.dll
0x00007ffb50f00000 - 0x00007ffb5104b000 	C:\WINDOWS\System32\ucrtbase.dll
0x00007ffb1bb60000 - 0x00007ffb1bb78000 	C:\Program Files\Android\Android Studio\jbr\bin\jli.dll
0x00007ffb538c0000 - 0x00007ffb53a8c000 	C:\WINDOWS\System32\USER32.dll
0x00007ffb33270000 - 0x00007ffb3328b000 	C:\Program Files\Android\Android Studio\jbr\bin\VCRUNTIME140.dll
0x00007ffb51050000 - 0x00007ffb51077000 	C:\WINDOWS\System32\win32u.dll
0x00007ffb52330000 - 0x00007ffb5235a000 	C:\WINDOWS\System32\GDI32.dll
0x00007ffb3ea60000 - 0x00007ffb3ecf7000 	C:\WINDOWS\WinSxS\amd64_microsoft.windows.common-controls_6595b64144ccf1df_6.0.26100.3624_none_3e086962e3345f24\COMCTL32.dll
0x00007ffb511d0000 - 0x00007ffb51301000 	C:\WINDOWS\System32\gdi32full.dll
0x00007ffb531a0000 - 0x00007ffb53249000 	C:\WINDOWS\System32\msvcrt.dll
0x00007ffb51310000 - 0x00007ffb513b3000 	C:\WINDOWS\System32\msvcp_win.dll
0x00007ffb53460000 - 0x00007ffb5348f000 	C:\WINDOWS\System32\IMM32.DLL
0x00007ffb47770000 - 0x00007ffb4777c000 	C:\Program Files\Android\Android Studio\jbr\bin\vcruntime140_1.dll
0x00007ffafe3b0000 - 0x00007ffafe43d000 	C:\Program Files\Android\Android Studio\jbr\bin\msvcp140.dll
0x00007ffaad700000 - 0x00007ffaae383000 	C:\Program Files\Android\Android Studio\jbr\bin\server\jvm.dll
0x00007ffb52650000 - 0x00007ffb52702000 	C:\WINDOWS\System32\ADVAPI32.dll
0x00007ffb523b0000 - 0x00007ffb52456000 	C:\WINDOWS\System32\sechost.dll
0x00007ffb51cd0000 - 0x00007ffb51de6000 	C:\WINDOWS\System32\RPCRT4.dll
0x00007ffb53350000 - 0x00007ffb533c4000 	C:\WINDOWS\System32\WS2_32.dll
0x00007ffb50cb0000 - 0x00007ffb50d0e000 	C:\WINDOWS\SYSTEM32\POWRPROF.dll
0x00007ffb481c0000 - 0x00007ffb481cb000 	C:\WINDOWS\SYSTEM32\VERSION.dll
0x00007ffb477f0000 - 0x00007ffb47826000 	C:\WINDOWS\SYSTEM32\WINMM.dll
0x00007ffb50c90000 - 0x00007ffb50ca4000 	C:\WINDOWS\SYSTEM32\UMPDC.dll
0x00007ffb4fc70000 - 0x00007ffb4fc8a000 	C:\WINDOWS\SYSTEM32\kernel.appcore.dll
0x00007ffb3e0e0000 - 0x00007ffb3e0ea000 	C:\Program Files\Android\Android Studio\jbr\bin\jimage.dll
0x00007ffb42b10000 - 0x00007ffb42d51000 	C:\WINDOWS\SYSTEM32\DBGHELP.DLL
0x00007ffb534a0000 - 0x00007ffb53822000 	C:\WINDOWS\System32\combase.dll
0x00007ffb53aa0000 - 0x00007ffb53b76000 	C:\WINDOWS\System32\OLEAUT32.dll
0x00007ffb2c7c0000 - 0x00007ffb2c7f9000 	C:\WINDOWS\SYSTEM32\dbgcore.DLL
0x00007ffb50e60000 - 0x00007ffb50ef9000 	C:\WINDOWS\System32\bcryptPrimitives.dll
0x00007ffb2f850000 - 0x00007ffb2f85e000 	C:\Program Files\Android\Android Studio\jbr\bin\instrument.dll
0x00007ffb30510000 - 0x00007ffb30530000 	C:\Program Files\Android\Android Studio\jbr\bin\java.dll
0x00007ffb304b0000 - 0x00007ffb304c8000 	C:\Program Files\Android\Android Studio\jbr\bin\zip.dll
0x00007ffb52710000 - 0x00007ffb52e39000 	C:\WINDOWS\System32\SHELL32.dll
0x00007ffb51540000 - 0x00007ffb516a8000 	C:\WINDOWS\System32\wintypes.dll
0x00007ffb4ead0000 - 0x00007ffb4f322000 	C:\WINDOWS\SYSTEM32\windows.storage.dll
0x00007ffb51a80000 - 0x00007ffb51b6d000 	C:\WINDOWS\System32\SHCORE.dll
0x00007ffb53830000 - 0x00007ffb53894000 	C:\WINDOWS\System32\shlwapi.dll
0x00007ffb50d70000 - 0x00007ffb50d9f000 	C:\WINDOWS\SYSTEM32\profapi.dll
0x00007ffb34080000 - 0x00007ffb34090000 	C:\Program Files\Android\Android Studio\jbr\bin\net.dll
0x00007ffb49600000 - 0x00007ffb4971d000 	C:\WINDOWS\SYSTEM32\WINHTTP.dll
0x00007ffb50190000 - 0x00007ffb501fa000 	C:\WINDOWS\system32\mswsock.dll
0x00007ffb2eb30000 - 0x00007ffb2eb46000 	C:\Program Files\Android\Android Studio\jbr\bin\nio.dll
0x00007ffb3e550000 - 0x00007ffb3e560000 	C:\Program Files\Android\Android Studio\jbr\bin\verify.dll
0x00007ffb21250000 - 0x00007ffb21277000 	C:\Users\Dinuka\.gradle\native\c067742578af261105cb4f569cf0c3c89f3d7b1fecec35dd04571415982c5e48\windows-amd64\native-platform.dll
0x00007ffaf11e0000 - 0x00007ffaf1324000 	C:\Users\Dinuka\.gradle\native\100fb08df4bc3b14c8652ba06237920a3bd2aa13389f12d3474272988ae205f9\windows-amd64\native-platform-file-events.dll
0x00007ffb4bc60000 - 0x00007ffb4bc69000 	C:\Program Files\Android\Android Studio\jbr\bin\management.dll
0x00007ffb4ad30000 - 0x00007ffb4ad3b000 	C:\Program Files\Android\Android Studio\jbr\bin\management_ext.dll
0x00007ffb53bb0000 - 0x00007ffb53bb8000 	C:\WINDOWS\System32\PSAPI.DLL
0x00007ffb50430000 - 0x00007ffb5044c000 	C:\WINDOWS\SYSTEM32\CRYPTSP.dll
0x00007ffb4fbd0000 - 0x00007ffb4fc0a000 	C:\WINDOWS\system32\rsaenh.dll
0x00007ffb50230000 - 0x00007ffb5025b000 	C:\WINDOWS\SYSTEM32\USERENV.dll
0x00007ffb50d40000 - 0x00007ffb50d66000 	C:\WINDOWS\SYSTEM32\bcrypt.dll
0x00007ffb50450000 - 0x00007ffb5045c000 	C:\WINDOWS\SYSTEM32\CRYPTBASE.dll
0x00007ffb4f6b0000 - 0x00007ffb4f6e3000 	C:\WINDOWS\SYSTEM32\IPHLPAPI.DLL
0x00007ffb53a90000 - 0x00007ffb53a9a000 	C:\WINDOWS\System32\NSI.dll
0x00007ffb4d510000 - 0x00007ffb4d519000 	C:\Program Files\Android\Android Studio\jbr\bin\extnet.dll
0x00007ffb4d520000 - 0x00007ffb4d528000 	C:\WINDOWS\system32\wshunix.dll

dbghelp: loaded successfully - version: 4.0.5 - missing functions: none
symbol engine: initialized successfully - sym options: 0x614 - pdb path: .;C:\Program Files\Android\Android Studio\jbr\bin;C:\WINDOWS\SYSTEM32;C:\WINDOWS\WinSxS\amd64_microsoft.windows.common-controls_6595b64144ccf1df_6.0.26100.3624_none_3e086962e3345f24;C:\Program Files\Android\Android Studio\jbr\bin\server;C:\Users\Dinuka\.gradle\native\c067742578af261105cb4f569cf0c3c89f3d7b1fecec35dd04571415982c5e48\windows-amd64;C:\Users\Dinuka\.gradle\native\100fb08df4bc3b14c8652ba06237920a3bd2aa13389f12d3474272988ae205f9\windows-amd64

VM Arguments:
jvm_args: --add-opens=java.base/java.util=ALL-UNNAMED --add-opens=java.base/java.lang=ALL-UNNAMED --add-opens=java.base/java.lang.invoke=ALL-UNNAMED --add-opens=java.prefs/java.util.prefs=ALL-UNNAMED --add-exports=jdk.compiler/com.sun.tools.javac.api=ALL-UNNAMED --add-exports=jdk.compiler/com.sun.tools.javac.util=ALL-UNNAMED --add-opens=java.base/java.nio.charset=ALL-UNNAMED --add-opens=java.base/java.net=ALL-UNNAMED --add-opens=java.base/java.util.concurrent.atomic=ALL-UNNAMED -Xmx2048m -Dfile.encoding=UTF-8 -Duser.country=US -Duser.language=en -Duser.variant -javaagent:C:\Users\Dinuka\.gradle\wrapper\dists\gradle-8.10.2-bin\a04bxjujx95o3nb99gddekhwo\gradle-8.10.2\lib\agents\gradle-instrumentation-agent-8.10.2.jar 
java_command: org.gradle.launcher.daemon.bootstrap.GradleDaemon 8.10.2
java_class_path (initial): C:\Users\Dinuka\.gradle\wrapper\dists\gradle-8.10.2-bin\a04bxjujx95o3nb99gddekhwo\gradle-8.10.2\lib\gradle-daemon-main-8.10.2.jar
Launcher Type: SUN_STANDARD

[Global flags]
     intx CICompilerCount                          = 4                                         {product} {ergonomic}
     uint ConcGCThreads                            = 3                                         {product} {ergonomic}
     uint G1ConcRefinementThreads                  = 10                                        {product} {ergonomic}
   size_t G1HeapRegionSize                         = 1048576                                   {product} {ergonomic}
    uintx GCDrainStackTargetSize                   = 64                                        {product} {ergonomic}
   size_t InitialHeapSize                          = 121634816                                 {product} {ergonomic}
   size_t MarkStackSize                            = 4194304                                   {product} {ergonomic}
   size_t MaxHeapSize                              = 2147483648                                {product} {command line}
   size_t MaxNewSize                               = 1287651328                                {product} {ergonomic}
   size_t MinHeapDeltaBytes                        = 1048576                                   {product} {ergonomic}
   size_t MinHeapSize                              = 8388608                                   {product} {ergonomic}
    uintx NonNMethodCodeHeapSize                   = 5839372                                {pd product} {ergonomic}
    uintx NonProfiledCodeHeapSize                  = 122909434                              {pd product} {ergonomic}
    uintx ProfiledCodeHeapSize                     = 122909434                              {pd product} {ergonomic}
    uintx ReservedCodeCacheSize                    = 251658240                              {pd product} {ergonomic}
     bool SegmentedCodeCache                       = true                                      {product} {ergonomic}
   size_t SoftMaxHeapSize                          = 2147483648                             {manageable} {ergonomic}
     bool UseCompressedOops                        = true                           {product lp64_product} {ergonomic}
     bool UseG1GC                                  = true                                      {product} {ergonomic}
     bool UseLargePagesIndividualAllocation        = false                                  {pd product} {ergonomic}

Logging:
Log output configuration:
 #0: stdout all=warning uptime,level,tags foldmultilines=false
 #1: stderr all=off uptime,level,tags foldmultilines=false

Environment Variables:
JAVA_HOME=C:\Program Files\Java\jdk-17
PATH=C:\Program Files (x86)\Common Files\Oracle\Java\javapath;C:\Program Files\Common Files\Oracle\Java\javapath;C:\Program Files\Java\jdk-23\bin;C:\windows\system32;C:\windows;C:\windows\System32\Wbem;C:\windows\System32\WindowsPowerShell\v1.0\;C:\windows\System32\OpenSSH\;C:\Program Files (x86)\NVIDIA Corporation\PhysX\Common;C:\Users\Administrator\AppData\Local\Microsoft\WindowsApps;C:\Program Files\HP\OMEN-Broadcast\Common;C:\Program Files\HP\HP One Agent;C:\Program Files\dotnet\;C:\WINDOWS\system32;C:\WINDOWS;C:\WINDOWS\System32\Wbem;C:\WINDOWS\System32\WindowsPowerShell\v1.0\;C:\WINDOWS\System32\OpenSSH\;path: C:\Program Files\nodejs ;C:\Program Files\nodejs;C:\gradle-8.12\bin;C:\Program Files\Java\jdk-17\bin;C:\Program Files\NVIDIA Corporation\NVIDIA app\NvDLISR;C:\Program Files\nodejs\;path: C:\Program Files\nodejs ;C:\Program Files\nodejs;C:\Program Files\MongoDB\Server\8.0\bin;C:\Program Files\MySQL\MySQL Shell 8.0\bin\;C:\Users\Dinuka\AppData\Local\Microsoft\WindowsApps;C:\Users\Dinuka\AppData\Local\Programs\Microsoft VS Code\bin;C:\Users\Dinuka\AppData\Roaming\nvm;C:\nvm4w\nodejs;C:\Users\Dinuka\AppData\Roaming\npm;C:\Users\Dinuka\AppData\Local\Programs\mongosh\;C:\Users\Dinuka\AppData\Local\GitHubDesktop\bin;B:\cursor\resources\app\bin
USERNAME=Dinuka
OS=Windows_NT
PROCESSOR_IDENTIFIER=AMD64 Family 25 Model 68 Stepping 1, AuthenticAMD
TMP=C:\Users\Dinuka\AppData\Local\Temp
TEMP=C:\Users\Dinuka\AppData\Local\Temp




Periodic native trim disabled

JNI global refs:
JNI global refs: 26, weak refs: 0

JNI global refs memory usage: 835, weak refs: 833

Process memory usage:
Resident Set Size: 323972K (4% of 7558584K total physical memory with 430316K free physical memory)

OOME stack traces (most recent first):
Classloader memory used:
Loader org.gradle.internal.classloader.VisitableURLClassLoader                         : 34260K
Loader bootstrap                                                                       : 22698K
Loader org.gradle.initialization.MixInLegacyTypesClassLoader                           : 8551K
Loader org.gradle.internal.classloader.VisitableURLClassLoader                         : 834K
Loader org.gradle.internal.classloader.VisitableURLClassLoader$InstrumentingVisitableURLClassLoader: 626K
Loader jdk.internal.loader.ClassLoaders$PlatformClassLoader                            : 495K
Loader jdk.internal.loader.ClassLoaders$AppClassLoader                                 : 234K
Loader jdk.internal.reflect.DelegatingClassLoader                                      : 180K
Loader org.gradle.groovy.scripts.internal.DefaultScriptCompilationHandler$ScriptClassLoader: 88264B
Loader org.codehaus.groovy.runtime.callsite.CallSiteClassLoader                        : 48680B

Classes loaded by more than one classloader:
Class org.gradle.api.GradleException                                                  : loaded 3 times (x 78B)
Class org.gradle.internal.classloader.ClassLoaderHierarchy                            : loaded 2 times (x 66B)
Class org.gradle.api.internal.classpath.ManifestUtil                                  : loaded 2 times (x 67B)
Class org.jetbrains.plugins.gradle.model.GradleExtensions                             : loaded 2 times (x 66B)
Class org.jetbrains.plugins.gradle.model.AnnotationProcessingModel                    : loaded 2 times (x 66B)
Class org.gradle.internal.operations.MultipleBuildOperationFailures                   : loaded 2 times (x 91B)
Class org.jetbrains.kotlin.idea.gradleTooling.model.noarg.NoArgModel                  : loaded 2 times (x 66B)
Class org.gradle.internal.classloader.DefaultClassLoaderFactory                       : loaded 2 times (x 78B)
Class kotlin.collections.AbstractList$Companion                                       : loaded 2 times (x 67B)
Class org.gradle.internal.classloader.ClassLoaderVisitor                              : loaded 2 times (x 72B)
Class org.gradle.api.internal.classpath.EffectiveClassPath                            : loaded 2 times (x 86B)
Class org.gradle.tooling.internal.gradle.DefaultProjectIdentifier                     : loaded 2 times (x 82B)
Class org.jetbrains.kotlin.idea.gradleTooling.model.allopen.AllOpenModel              : loaded 2 times (x 66B)
Class org.gradle.api.internal.DefaultClassPathProvider                                : loaded 2 times (x 72B)
Class [Lorg.gradle.api.internal.ClassPathProvider;                                    : loaded 2 times (x 65B)
Class org.gradle.api.internal.ClassPathProvider                                       : loaded 2 times (x 66B)
Class org.gradle.internal.service.UnknownServiceException                             : loaded 2 times (x 79B)
Class org.jetbrains.kotlin.idea.gradleTooling.KotlinDslScriptAdditionalTask           : loaded 2 times (x 66B)
Class sync_studio_tooling2_chlc8salessbs4x23jo4c66qb                                  : loaded 2 times (x 175B)
Class org.gradle.internal.classpath.TransformedClassPath                              : loaded 2 times (x 92B)
Class org.gradle.internal.classloader.InstrumentingClassLoader                        : loaded 2 times (x 66B)
Class kotlin.enums.EnumEntriesList                                                    : loaded 2 times (x 219B)
Class org.jetbrains.plugins.gradle.model.IntelliJSettings                             : loaded 2 times (x 66B)
Class org.jetbrains.kotlin.idea.gradleTooling.KotlinSourceSetContainer                : loaded 2 times (x 66B)
Class org.gradle.internal.service.ServiceLocator                                      : loaded 2 times (x 66B)
Class org.jetbrains.kotlin.android.synthetic.idea.AndroidExtensionsGradleModel        : loaded 2 times (x 66B)
Class org.gradle.tooling.model.UnsupportedMethodException                             : loaded 2 times (x 78B)
Class org.gradle.internal.InternalTransformer                                         : loaded 2 times (x 66B)
Class org.gradle.internal.time.DefaultTimer                                           : loaded 2 times (x 76B)
Class org.gradle.internal.classloader.ClasspathUtil$1                                 : loaded 2 times (x 72B)
Class org.gradle.api.internal.classpath.DefaultModuleRegistry$DefaultModule           : loaded 2 times (x 82B)
Class org.jetbrains.kotlin.idea.gradleTooling.model.lombok.LombokModel                : loaded 2 times (x 66B)
Class org.gradle.internal.time.DefaultCountdownTimer                                  : loaded 2 times (x 84B)
Class org.gradle.tooling.internal.gradle.DefaultBuildIdentifier                       : loaded 2 times (x 75B)
Class kotlin.Function                                                                 : loaded 2 times (x 66B)
Class org.gradle.api.internal.classpath.Module                                        : loaded 2 times (x 66B)
Class org.gradle.api.internal.classpath.UnknownModuleException                        : loaded 2 times (x 78B)
Class com.intellij.openapi.externalSystem.model.project.dependencies.ProjectDependencies: loaded 2 times (x 66B)
Class org.gradle.tooling.internal.gradle.GradleProjectIdentity                        : loaded 2 times (x 66B)
Class org.gradle.api.internal.DefaultClassPathRegistry                                : loaded 2 times (x 72B)
Class org.gradle.api.internal.ClassPathRegistry                                       : loaded 2 times (x 66B)
Class org.gradle.internal.classpath.DefaultClassPath$ImmutableUniqueList              : loaded 2 times (x 195B)
Class Settings_gradle$1                                                               : loaded 2 times (x 70B)
Class Program                                                                         : loaded 2 times (x 68B)
Class org.gradle.internal.classpath.ClassPath                                         : loaded 2 times (x 66B)
Class org.gradle.api.UncheckedIOException                                             : loaded 2 times (x 78B)
Class org.jetbrains.kotlin.idea.gradleTooling.KotlinGradleModel                       : loaded 2 times (x 66B)
Class ijInit1_cdzj8sdgi2vbdfk70blpjbxhy                                               : loaded 2 times (x 175B)
Class org.gradle.tooling.model.Model                                                  : loaded 2 times (x 66B)
Class kotlin.UninitializedPropertyAccessException                                     : loaded 2 times (x 78B)
Class org.jetbrains.plugins.gradle.model.IntelliJProjectSettings                      : loaded 2 times (x 66B)
Class org.jetbrains.kotlin.idea.gradleTooling.model.annotation.AnnotationBasedPluginModel: loaded 2 times (x 66B)
Class org.gradle.internal.installation.GradleInstallation$1                           : loaded 2 times (x 71B)
Class org.gradle.api.internal.classpath.ModuleRegistry                                : loaded 2 times (x 66B)
Class org.jetbrains.plugins.gradle.model.VersionCatalogsModel                         : loaded 2 times (x 66B)
Class org.gradle.api.internal.classpath.DefaultModuleRegistry                         : loaded 2 times (x 82B)
Class org.gradle.internal.time.MonotonicClock                                         : loaded 2 times (x 73B)
Class org.gradle.internal.service.ServiceLookupException                              : loaded 2 times (x 78B)
Class org.gradle.internal.classloader.ClassLoaderFactory                              : loaded 2 times (x 66B)
Class org.gradle.internal.service.CachingServiceLocator                               : loaded 2 times (x 78B)
Class org.jetbrains.plugins.gradle.model.RepositoryModels                             : loaded 2 times (x 66B)
Class org.gradle.internal.time.TimeSource                                             : loaded 2 times (x 66B)
Class org.gradle.tooling.internal.gradle.GradleBuildIdentity                          : loaded 2 times (x 66B)
Class kotlin.enums.EnumEntries                                                        : loaded 2 times (x 66B)
Class org.gradle.internal.exceptions.ResolutionProvider                               : loaded 2 times (x 66B)
Class org.gradle.tooling.model.ProjectIdentifier                                      : loaded 2 times (x 66B)
Class org.gradle.internal.classloader.ClasspathUtil                                   : loaded 2 times (x 67B)
Class org.gradle.internal.time.TimeSource$1                                           : loaded 2 times (x 73B)
Class kotlin.jvm.internal.DefaultConstructorMarker                                    : loaded 2 times (x 67B)
Class org.gradle.api.specs.Spec                                                       : loaded 2 times (x 66B)
Class org.gradle.internal.time.Clock                                                  : loaded 2 times (x 66B)
Class org.jetbrains.plugins.gradle.model.jar.JarTaskManifestConfiguration             : loaded 2 times (x 66B)
Class kotlin.collections.AbstractList                                                 : loaded 2 times (x 193B)
Class kotlin.collections.AbstractCollection                                           : loaded 2 times (x 113B)
Class org.gradle.internal.classloader.VisitableURLClassLoader$InstrumentingVisitableURLClassLoader: loaded 2 times (x 119B)
Class org.gradle.internal.classloader.VisitableURLClassLoader$Spec                    : loaded 2 times (x 70B)
Class org.gradle.internal.classpath.DefaultClassPath                                  : loaded 2 times (x 86B)
Class org.gradle.internal.classloader.ClassLoaderSpec                                 : loaded 2 times (x 67B)
Class Settings_gradle$1$1                                                             : loaded 2 times (x 70B)
Class org.gradle.internal.classloader.VisitableURLClassLoader                         : loaded 2 times (x 113B)
Class Settings_gradle                                                                 : loaded 2 times (x 124B)
Class org.gradle.internal.Cast                                                        : loaded 2 times (x 67B)
Class org.gradle.api.Action                                                           : loaded 2 times (x 66B)
Class kotlin.jvm.functions.Function1                                                  : loaded 2 times (x 66B)
Class org.gradle.internal.classpath.DefaultClassPath$ImmutableUniqueList$Builder      : loaded 2 times (x 71B)
Class org.jetbrains.kotlin.idea.gradleTooling.model.samWithReceiver.SamWithReceiverModel: loaded 2 times (x 66B)
Class org.gradle.internal.classloader.FilteringClassLoader                            : loaded 2 times (x 101B)
Class org.gradle.internal.exceptions.NonGradleCauseExceptionsHolder                   : loaded 2 times (x 66B)
Class org.jetbrains.kotlin.idea.gradleTooling.model.assignment.AssignmentModel        : loaded 2 times (x 66B)
Class kotlin.enums.EnumEntriesKt                                                      : loaded 2 times (x 67B)
Class org.gradle.internal.IoActions                                                   : loaded 2 times (x 67B)
Class org.gradle.internal.classloader.SystemClassLoaderSpec                           : loaded 2 times (x 67B)
Class org.gradle.internal.exceptions.MultiCauseException                              : loaded 2 times (x 66B)
Class org.gradle.internal.time.CountdownTimer                                         : loaded 2 times (x 66B)
Class kotlin.jvm.internal.Intrinsics                                                  : loaded 2 times (x 67B)
Class org.jetbrains.kotlin.idea.gradleTooling.model.parcelize.ParcelizeGradleModel    : loaded 2 times (x 66B)
Class org.gradle.tooling.model.ProjectModel                                           : loaded 2 times (x 66B)
Class kotlin.KotlinNullPointerException                                               : loaded 2 times (x 79B)
Class org.jetbrains.plugins.gradle.model.tests.ExternalTestsModel                     : loaded 2 times (x 66B)
Class org.gradle.internal.exceptions.DefaultMultiCauseException                       : loaded 2 times (x 91B)
Class org.gradle.internal.time.Time                                                   : loaded 2 times (x 67B)
Class org.jetbrains.plugins.gradle.model.DependencyAccessorsModel                     : loaded 2 times (x 66B)
Class org.gradle.api.internal.classpath.GlobalCacheRootsProvider                      : loaded 2 times (x 66B)
Class org.jetbrains.kotlin.idea.gradleTooling.KotlinMPPGradleModel                    : loaded 2 times (x 66B)
Class org.gradle.tooling.model.BuildIdentifier                                        : loaded 2 times (x 66B)
Class org.jetbrains.kotlin.idea.gradleTooling.PrepareKotlinIdeImportTaskModel         : loaded 2 times (x 66B)
Class org.gradle.internal.time.Timer                                                  : loaded 2 times (x 66B)
Class kotlin.jvm.internal.markers.KMappedMarker                                       : loaded 2 times (x 66B)
Class org.gradle.internal.installation.CurrentGradleInstallationLocator               : loaded 2 times (x 67B)
Class org.gradle.internal.service.DefaultServiceLocator                               : loaded 2 times (x 79B)
Class org.gradle.util.GradleVersion                                                   : loaded 2 times (x 79B)
Class org.gradle.internal.installation.CurrentGradleInstallation                      : loaded 2 times (x 69B)
Class org.gradle.util.internal.GUtil                                                  : loaded 2 times (x 67B)
Class org.gradle.internal.installation.GradleInstallation                             : loaded 2 times (x 71B)

---------------  S Y S T E M  ---------------

OS:
 Windows 11 , 64 bit Build 26100 (10.0.26100.3775)
OS uptime: 8 days 3:29 hours
Hyper-V role detected

CPU: total 12 (initial active 12) (12 cores per cpu, 2 threads per core) family 25 model 68 stepping 1 microcode 0xa404107, cx8, cmov, fxsr, ht, mmx, 3dnowpref, sse, sse2, sse3, ssse3, sse4a, sse4.1, sse4.2, popcnt, lzcnt, tsc, tscinvbit, avx, avx2, aes, erms, clmul, bmi1, bmi2, adx, sha, fma, vzeroupper, clflush, clflushopt, hv, rdtscp, rdpid, fsrm, f16c, cet_ss
Processor Information for processor 0
  Max Mhz: 3301, Current Mhz: 2024, Mhz Limit: 3301
Processor Information for processor 1
  Max Mhz: 3301, Current Mhz: 2496, Mhz Limit: 3301
Processor Information for processor 2
  Max Mhz: 3301, Current Mhz: 2496, Mhz Limit: 3301
Processor Information for processor 3
  Max Mhz: 3301, Current Mhz: 2024, Mhz Limit: 3301
Processor Information for processor 4
  Max Mhz: 3301, Current Mhz: 2024, Mhz Limit: 3301
Processor Information for processor 5
  Max Mhz: 3301, Current Mhz: 2024, Mhz Limit: 3301
Processor Information for processor 6
  Max Mhz: 3301, Current Mhz: 2024, Mhz Limit: 3301
Processor Information for processor 7
  Max Mhz: 3301, Current Mhz: 2024, Mhz Limit: 3301
Processor Information for processor 8
  Max Mhz: 3301, Current Mhz: 2024, Mhz Limit: 3301
Processor Information for processor 9
  Max Mhz: 3301, Current Mhz: 2024, Mhz Limit: 3301
Processor Information for processor 10
  Max Mhz: 3301, Current Mhz: 2024, Mhz Limit: 3301
Processor Information for processor 11
  Max Mhz: 3301, Current Mhz: 2024, Mhz Limit: 3301

Memory: 4k page, system-wide physical 7381M (423M free)
TotalPageFile size 28307M (AvailPageFile size 8M)
current process WorkingSet (physical memory assigned to process): 316M, peak: 322M
current process commit charge ("private bytes"): 355M, peak: 382M

vm_info: OpenJDK 64-Bit Server VM (21.0.4+-12508038-b607.1) for windows-amd64 JRE (21.0.4+-12508038-b607.1), built on 2024-10-16T17:23:34Z by "builder" with MS VC++ 16.10 / 16.11 (VS2019)

END.
